{"C:\\Users\\HP\\.gemini\\antigravity-ide\\scratch\\teamtender-react\\src\\components\\ui\\error-boundary\\AppErrorBoundary.jsx": {"path":"C:\\Users\\HP\\.gemini\\antigravity-ide\\scratch\\teamtender-react\\src\\components\\ui\\error-boundary\\AppErrorBoundary.jsx","statementMap":{"0":{"start":{"line":6,"column":4},"end":{"line":27,"column":null}},"1":{"start":{"line":20,"column":35},"end":{"line":20,"column":null}},"2":{"start":{"line":32,"column":10},"end":{"line":35,"column":null}},"3":{"start":{"line":34,"column":8},"end":{"line":34,"column":null}},"4":{"start":{"line":37,"column":4},"end":{"line":40,"column":null}}},"fnMap":{"0":{"name":"AppFallback","decl":{"start":{"line":5,"column":9},"end":{"line":5,"column":21}},"loc":{"start":{"line":5,"column":32},"end":{"line":29,"column":null}},"line":5},"1":{"name":"(anonymous_1)","decl":{"start":{"line":20,"column":20},"end":{"line":20,"column":35}},"loc":{"start":{"line":20,"column":35},"end":{"line":20,"column":null}},"line":20},"2":{"name":"AppErrorBoundary","decl":{"start":{"line":31,"column":16},"end":{"line":31,"column":33}},"loc":{"start":{"line":31,"column":47},"end":{"line":42,"column":null}},"line":31},"3":{"name":"(anonymous_3)","decl":{"start":{"line":32,"column":10},"end":{"line":32,"column":25}},"loc":{"start":{"line":32,"column":41},"end":{"line":35,"column":null}},"line":32}},"branchMap":{},"s":{"0":0,"1":0,"2":0,"3":0,"4":0},"f":{"0":0,"1":0,"2":0,"3":0},"b":{},"meta":{"lastBranch":0,"lastFunction":4,"lastStatement":5,"seen":{"f:5:9:5:21":0,"s:6:4:27:Infinity":0,"f:20:20:20:35":1,"s:20:35:20:Infinity":1,"f:31:16:31:33":2,"s:32:10:35:Infinity":2,"f:32:10:32:25":3,"s:34:8:34:Infinity":3,"s:37:4:40:Infinity":4},"fnNames":{}}}
,"C:\\Users\\HP\\.gemini\\antigravity-ide\\scratch\\teamtender-react\\src\\components\\ui\\error-boundary\\RouteErrorBoundary.jsx": {"path":"C:\\Users\\HP\\.gemini\\antigravity-ide\\scratch\\teamtender-react\\src\\components\\ui\\error-boundary\\RouteErrorBoundary.jsx","statementMap":{"0":{"start":{"line":7,"column":21},"end":{"line":7,"column":33}},"1":{"start":{"line":9,"column":4},"end":{"line":32,"column":null}},"2":{"start":{"line":25,"column":39},"end":{"line":25,"column":null}},"3":{"start":{"line":37,"column":10},"end":{"line":40,"column":null}},"4":{"start":{"line":39,"column":8},"end":{"line":39,"column":null}},"5":{"start":{"line":42,"column":4},"end":{"line":45,"column":null}}},"fnMap":{"0":{"name":"RouteFallback","decl":{"start":{"line":6,"column":9},"end":{"line":6,"column":23}},"loc":{"start":{"line":6,"column":54},"end":{"line":34,"column":null}},"line":6},"1":{"name":"(anonymous_1)","decl":{"start":{"line":25,"column":24},"end":{"line":25,"column":39}},"loc":{"start":{"line":25,"column":39},"end":{"line":25,"column":null}},"line":25},"2":{"name":"RouteErrorBoundary","decl":{"start":{"line":36,"column":16},"end":{"line":36,"column":35}},"loc":{"start":{"line":36,"column":49},"end":{"line":47,"column":null}},"line":36},"3":{"name":"(anonymous_3)","decl":{"start":{"line":37,"column":10},"end":{"line":37,"column":25}},"loc":{"start":{"line":37,"column":41},"end":{"line":40,"column":null}},"line":37}},"branchMap":{},"s":{"0":0,"1":0,"2":0,"3":0,"4":0,"5":0},"f":{"0":0,"1":0,"2":0,"3":0},"b":{},"meta":{"lastBranch":0,"lastFunction":4,"lastStatement":6,"seen":{"f:6:9:6:23":0,"s:7:21:7:33":0,"s:9:4:32:Infinity":1,"f:25:24:25:39":1,"s:25:39:25:Infinity":2,"f:36:16:36:35":2,"s:37:10:40:Infinity":3,"f:37:10:37:25":3,"s:39:8:39:Infinity":4,"s:42:4:45:Infinity":5},"fnNames":{}}}
,"C:\\Users\\HP\\.gemini\\antigravity-ide\\scratch\\teamtender-react\\src\\components\\ui\\error-boundary\\SectionErrorBoundary.jsx": {"path":"C:\\Users\\HP\\.gemini\\antigravity-ide\\scratch\\teamtender-react\\src\\components\\ui\\error-boundary\\SectionErrorBoundary.jsx","statementMap":{"0":{"start":{"line":6,"column":4},"end":{"line":19,"column":null}},"1":{"start":{"line":24,"column":10},"end":{"line":27,"column":null}},"2":{"start":{"line":26,"column":8},"end":{"line":26,"column":null}},"3":{"start":{"line":29,"column":4},"end":{"line":32,"column":null}}},"fnMap":{"0":{"name":"SectionFallback","decl":{"start":{"line":5,"column":9},"end":{"line":5,"column":25}},"loc":{"start":{"line":5,"column":56},"end":{"line":21,"column":null}},"line":5},"1":{"name":"SectionErrorBoundary","decl":{"start":{"line":23,"column":16},"end":{"line":23,"column":37}},"loc":{"start":{"line":23,"column":51},"end":{"line":34,"column":null}},"line":23},"2":{"name":"(anonymous_2)","decl":{"start":{"line":24,"column":10},"end":{"line":24,"column":25}},"loc":{"start":{"line":24,"column":41},"end":{"line":27,"column":null}},"line":24}},"branchMap":{"0":{"loc":{"start":{"line":11,"column":17},"end":{"line":11,"column":null}},"type":"binary-expr","locations":[{"start":{"line":11,"column":17},"end":{"line":11,"column":34}},{"start":{"line":11,"column":34},"end":{"line":11,"column":null}}],"line":11}},"s":{"0":0,"1":5,"2":0,"3":5},"f":{"0":0,"1":5,"2":0},"b":{"0":[0,0]},"meta":{"lastBranch":1,"lastFunction":3,"lastStatement":4,"seen":{"f:5:9:5:25":0,"s:6:4:19:Infinity":0,"b:11:17:11:34:11:34:11:Infinity":0,"f:23:16:23:37":1,"s:24:10:27:Infinity":1,"f:24:10:24:25":2,"s:26:8:26:Infinity":2,"s:29:4:32:Infinity":3},"fnNames":{}}}
,"C:\\Users\\HP\\.gemini\\antigravity-ide\\scratch\\teamtender-react\\src\\components\\ui\\error-boundary\\index.js": {"path":"C:\\Users\\HP\\.gemini\\antigravity-ide\\scratch\\teamtender-react\\src\\components\\ui\\error-boundary\\index.js","statementMap":{},"fnMap":{},"branchMap":{},"s":{},"f":{},"b":{},"meta":{"lastBranch":0,"lastFunction":0,"lastStatement":0,"seen":{},"fnNames":{}}}
,"C:\\Users\\HP\\.gemini\\antigravity-ide\\scratch\\teamtender-react\\src\\components\\ui\\skeleton\\CardSkeleton.jsx": {"path":"C:\\Users\\HP\\.gemini\\antigravity-ide\\scratch\\teamtender-react\\src\\components\\ui\\skeleton\\CardSkeleton.jsx","statementMap":{"0":{"start":{"line":4,"column":2},"end":{"line":17,"column":null}}},"fnMap":{"0":{"name":"CardSkeleton","decl":{"start":{"line":3,"column":16},"end":{"line":3,"column":31}},"loc":{"start":{"line":3,"column":31},"end":{"line":19,"column":null}},"line":3}},"branchMap":{},"s":{"0":0},"f":{"0":0},"b":{},"meta":{"lastBranch":0,"lastFunction":1,"lastStatement":1,"seen":{"f:3:16:3:31":0,"s:4:2:17:Infinity":0},"fnNames":{}}}
,"C:\\Users\\HP\\.gemini\\antigravity-ide\\scratch\\teamtender-react\\src\\components\\ui\\skeleton\\DialogSkeleton.jsx": {"path":"C:\\Users\\HP\\.gemini\\antigravity-ide\\scratch\\teamtender-react\\src\\components\\ui\\skeleton\\DialogSkeleton.jsx","statementMap":{"0":{"start":{"line":4,"column":2},"end":{"line":15,"column":null}}},"fnMap":{"0":{"name":"DialogSkeleton","decl":{"start":{"line":3,"column":16},"end":{"line":3,"column":33}},"loc":{"start":{"line":3,"column":33},"end":{"line":17,"column":null}},"line":3}},"branchMap":{},"s":{"0":0},"f":{"0":0},"b":{},"meta":{"lastBranch":0,"lastFunction":1,"lastStatement":1,"seen":{"f:3:16:3:33":0,"s:4:2:15:Infinity":0},"fnNames":{}}}
,"C:\\Users\\HP\\.gemini\\antigravity-ide\\scratch\\teamtender-react\\src\\components\\ui\\skeleton\\PageSkeleton.jsx": {"path":"C:\\Users\\HP\\.gemini\\antigravity-ide\\scratch\\teamtender-react\\src\\components\\ui\\skeleton\\PageSkeleton.jsx","statementMap":{"0":{"start":{"line":4,"column":2},"end":{"line":13,"column":null}}},"fnMap":{"0":{"name":"PageSkeleton","decl":{"start":{"line":3,"column":16},"end":{"line":3,"column":31}},"loc":{"start":{"line":3,"column":31},"end":{"line":15,"column":null}},"line":3}},"branchMap":{},"s":{"0":0},"f":{"0":0},"b":{},"meta":{"lastBranch":0,"lastFunction":1,"lastStatement":1,"seen":{"f:3:16:3:31":0,"s:4:2:13:Infinity":0},"fnNames":{}}}
,"C:\\Users\\HP\\.gemini\\antigravity-ide\\scratch\\teamtender-react\\src\\components\\ui\\skeleton\\SectionSkeleton.jsx": {"path":"C:\\Users\\HP\\.gemini\\antigravity-ide\\scratch\\teamtender-react\\src\\components\\ui\\skeleton\\SectionSkeleton.jsx","statementMap":{"0":{"start":{"line":4,"column":2},"end":{"line":9,"column":null}}},"fnMap":{"0":{"name":"SectionSkeleton","decl":{"start":{"line":3,"column":16},"end":{"line":3,"column":34}},"loc":{"start":{"line":3,"column":34},"end":{"line":11,"column":null}},"line":3}},"branchMap":{},"s":{"0":0},"f":{"0":0},"b":{},"meta":{"lastBranch":0,"lastFunction":1,"lastStatement":1,"seen":{"f:3:16:3:34":0,"s:4:2:9:Infinity":0},"fnNames":{}}}
,"C:\\Users\\HP\\.gemini\\antigravity-ide\\scratch\\teamtender-react\\src\\components\\ui\\skeleton\\TableSkeleton.jsx": {"path":"C:\\Users\\HP\\.gemini\\antigravity-ide\\scratch\\teamtender-react\\src\\components\\ui\\skeleton\\TableSkeleton.jsx","statementMap":{"0":{"start":{"line":4,"column":2},"end":{"line":16,"column":null}},"1":{"start":{"line":9,"column":10},"end":{"line":13,"column":null}}},"fnMap":{"0":{"name":"TableSkeleton","decl":{"start":{"line":3,"column":16},"end":{"line":3,"column":30}},"loc":{"start":{"line":3,"column":44},"end":{"line":18,"column":null}},"line":3},"1":{"name":"(anonymous_1)","decl":{"start":{"line":8,"column":38},"end":{"line":8,"column":43}},"loc":{"start":{"line":9,"column":10},"end":{"line":13,"column":null}},"line":9}},"branchMap":{"0":{"loc":{"start":{"line":3,"column":32},"end":{"line":3,"column":44}},"type":"default-arg","locations":[{"start":{"line":3,"column":39},"end":{"line":3,"column":44}}],"line":3}},"s":{"0":0,"1":0},"f":{"0":0,"1":0},"b":{"0":[0]},"meta":{"lastBranch":1,"lastFunction":2,"lastStatement":2,"seen":{"f:3:16:3:30":0,"b:3:39:3:44":0,"s:4:2:16:Infinity":0,"f:8:38:8:43":1,"s:9:10:13:Infinity":1},"fnNames":{}}}
,"C:\\Users\\HP\\.gemini\\antigravity-ide\\scratch\\teamtender-react\\src\\components\\ui\\skeleton\\index.js": {"path":"C:\\Users\\HP\\.gemini\\antigravity-ide\\scratch\\teamtender-react\\src\\components\\ui\\skeleton\\index.js","statementMap":{},"fnMap":{},"branchMap":{},"s":{},"f":{},"b":{},"meta":{"lastBranch":0,"lastFunction":0,"lastStatement":0,"seen":{},"fnNames":{}}}
,"C:\\Users\\HP\\.gemini\\antigravity-ide\\scratch\\teamtender-react\\src\\containers\\WorkspaceContainer.js": {"path":"C:\\Users\\HP\\.gemini\\antigravity-ide\\scratch\\teamtender-react\\src\\containers\\WorkspaceContainer.js","statementMap":{"0":{"start":{"line":16,"column":4},"end":{"line":18,"column":null}},"1":{"start":{"line":17,"column":8},"end":{"line":17,"column":null}},"2":{"start":{"line":19,"column":4},"end":{"line":21,"column":null}},"3":{"start":{"line":20,"column":8},"end":{"line":20,"column":null}},"4":{"start":{"line":22,"column":4},"end":{"line":24,"column":null}},"5":{"start":{"line":23,"column":8},"end":{"line":23,"column":null}},"6":{"start":{"line":25,"column":4},"end":{"line":25,"column":null}},"7":{"start":{"line":36,"column":4},"end":{"line":36,"column":null}},"8":{"start":{"line":36,"column":34},"end":{"line":36,"column":null}},"9":{"start":{"line":37,"column":4},"end":{"line":37,"column":null}},"10":{"start":{"line":37,"column":35},"end":{"line":37,"column":66}},"11":{"start":{"line":49,"column":4},"end":{"line":51,"column":null}},"12":{"start":{"line":50,"column":8},"end":{"line":50,"column":null}},"13":{"start":{"line":52,"column":4},"end":{"line":54,"column":null}},"14":{"start":{"line":53,"column":8},"end":{"line":53,"column":null}},"15":{"start":{"line":55,"column":4},"end":{"line":57,"column":null}},"16":{"start":{"line":56,"column":8},"end":{"line":56,"column":null}},"17":{"start":{"line":58,"column":4},"end":{"line":58,"column":null}}},"fnMap":{"0":{"name":"canAccessSection","decl":{"start":{"line":15,"column":16},"end":{"line":15,"column":33}},"loc":{"start":{"line":15,"column":50},"end":{"line":26,"column":null}},"line":15},"1":{"name":"getAvailableMenus","decl":{"start":{"line":35,"column":16},"end":{"line":35,"column":34}},"loc":{"start":{"line":35,"column":55},"end":{"line":38,"column":null}},"line":35},"2":{"name":"(anonymous_2)","decl":{"start":{"line":37,"column":20},"end":{"line":37,"column":27}},"loc":{"start":{"line":37,"column":35},"end":{"line":37,"column":66}},"line":37},"3":{"name":"resolveWorkspaceRoute","decl":{"start":{"line":48,"column":16},"end":{"line":48,"column":38}},"loc":{"start":{"line":48,"column":59},"end":{"line":59,"column":null}},"line":48}},"branchMap":{"0":{"loc":{"start":{"line":16,"column":4},"end":{"line":18,"column":null}},"type":"if","locations":[{"start":{"line":16,"column":4},"end":{"line":18,"column":null}},{"start":{},"end":{}}],"line":16},"1":{"loc":{"start":{"line":16,"column":8},"end":{"line":16,"column":35}},"type":"binary-expr","locations":[{"start":{"line":16,"column":8},"end":{"line":16,"column":17}},{"start":{"line":16,"column":17},"end":{"line":16,"column":35}}],"line":16},"2":{"loc":{"start":{"line":19,"column":4},"end":{"line":21,"column":null}},"type":"if","locations":[{"start":{"line":19,"column":4},"end":{"line":21,"column":null}},{"start":{},"end":{}}],"line":19},"3":{"loc":{"start":{"line":22,"column":4},"end":{"line":24,"column":null}},"type":"if","locations":[{"start":{"line":22,"column":4},"end":{"line":24,"column":null}},{"start":{},"end":{}}],"line":22},"4":{"loc":{"start":{"line":23,"column":15},"end":{"line":23,"column":null}},"type":"binary-expr","locations":[{"start":{"line":23,"column":15},"end":{"line":23,"column":46}},{"start":{"line":23,"column":46},"end":{"line":23,"column":74}},{"start":{"line":23,"column":74},"end":{"line":23,"column":null}}],"line":23},"5":{"loc":{"start":{"line":35,"column":40},"end":{"line":35,"column":55}},"type":"default-arg","locations":[{"start":{"line":35,"column":51},"end":{"line":35,"column":55}}],"line":35},"6":{"loc":{"start":{"line":36,"column":4},"end":{"line":36,"column":null}},"type":"if","locations":[{"start":{"line":36,"column":4},"end":{"line":36,"column":null}},{"start":{},"end":{}}],"line":36},"7":{"loc":{"start":{"line":49,"column":4},"end":{"line":51,"column":null}},"type":"if","locations":[{"start":{"line":49,"column":4},"end":{"line":51,"column":null}},{"start":{},"end":{}}],"line":49},"8":{"loc":{"start":{"line":52,"column":4},"end":{"line":54,"column":null}},"type":"if","locations":[{"start":{"line":52,"column":4},"end":{"line":54,"column":null}},{"start":{},"end":{}}],"line":52},"9":{"loc":{"start":{"line":55,"column":4},"end":{"line":57,"column":null}},"type":"if","locations":[{"start":{"line":55,"column":4},"end":{"line":57,"column":null}},{"start":{},"end":{}}],"line":55}},"s":{"0":25,"1":25,"2":0,"3":0,"4":0,"5":0,"6":0,"7":5,"8":0,"9":5,"10":25,"11":0,"12":0,"13":0,"14":0,"15":0,"16":0,"17":0},"f":{"0":25,"1":5,"2":25,"3":0},"b":{"0":[25,0],"1":[25,25],"2":[0,0],"3":[0,0],"4":[0,0,0],"5":[5],"6":[0,5],"7":[0,0],"8":[0,0],"9":[0,0]},"meta":{"lastBranch":10,"lastFunction":4,"lastStatement":18,"seen":{"f:15:16:15:33":0,"b:16:4:18:Infinity:undefined:undefined:undefined:undefined":0,"s:16:4:18:Infinity":0,"b:16:8:16:17:16:17:16:35":1,"s:17:8:17:Infinity":1,"b:19:4:21:Infinity:undefined:undefined:undefined:undefined":2,"s:19:4:21:Infinity":2,"s:20:8:20:Infinity":3,"b:22:4:24:Infinity:undefined:undefined:undefined:undefined":3,"s:22:4:24:Infinity":4,"s:23:8:23:Infinity":5,"b:23:15:23:46:23:46:23:74:23:74:23:Infinity":4,"s:25:4:25:Infinity":6,"f:35:16:35:34":1,"b:35:51:35:55":5,"b:36:4:36:Infinity:undefined:undefined:undefined:undefined":6,"s:36:4:36:Infinity":7,"s:36:34:36:Infinity":8,"s:37:4:37:Infinity":9,"f:37:20:37:27":2,"s:37:35:37:66":10,"f:48:16:48:38":3,"b:49:4:51:Infinity:undefined:undefined:undefined:undefined":7,"s:49:4:51:Infinity":11,"s:50:8:50:Infinity":12,"b:52:4:54:Infinity:undefined:undefined:undefined:undefined":8,"s:52:4:54:Infinity":13,"s:53:8:53:Infinity":14,"b:55:4:57:Infinity:undefined:undefined:undefined:undefined":9,"s:55:4:57:Infinity":15,"s:56:8:56:Infinity":16,"s:58:4:58:Infinity":17},"fnNames":{}}}
,"C:\\Users\\HP\\.gemini\\antigravity-ide\\scratch\\teamtender-react\\src\\data\\mock\\companyProfile.js": {"path":"C:\\Users\\HP\\.gemini\\antigravity-ide\\scratch\\teamtender-react\\src\\data\\mock\\companyProfile.js","statementMap":{"0":{"start":{"line":1,"column":34},"end":{"line":10,"column":null}}},"fnMap":{},"branchMap":{},"s":{"0":1},"f":{},"b":{},"meta":{"lastBranch":0,"lastFunction":0,"lastStatement":1,"seen":{"s:1:34:10:Infinity":0},"fnNames":{}}}
,"C:\\Users\\HP\\.gemini\\antigravity-ide\\scratch\\teamtender-react\\src\\data\\mock\\workspace\\fields.js": {"path":"C:\\Users\\HP\\.gemini\\antigravity-ide\\scratch\\teamtender-react\\src\\data\\mock\\workspace\\fields.js","statementMap":{"0":{"start":{"line":1,"column":27},"end":{"line":1,"column":null}},"1":{"start":{"line":2,"column":28},"end":{"line":2,"column":null}},"2":{"start":{"line":3,"column":27},"end":{"line":3,"column":null}},"3":{"start":{"line":5,"column":38},"end":{"line":16,"column":null}}},"fnMap":{},"branchMap":{},"s":{"0":1,"1":1,"2":1,"3":1},"f":{},"b":{},"meta":{"lastBranch":0,"lastFunction":0,"lastStatement":4,"seen":{"s:1:27:1:Infinity":0,"s:2:28:2:Infinity":1,"s:3:27:3:Infinity":2,"s:5:38:16:Infinity":3},"fnNames":{}}}
,"C:\\Users\\HP\\.gemini\\antigravity-ide\\scratch\\teamtender-react\\src\\data\\mock\\workspace\\index.js": {"path":"C:\\Users\\HP\\.gemini\\antigravity-ide\\scratch\\teamtender-react\\src\\data\\mock\\workspace\\index.js","statementMap":{},"fnMap":{},"branchMap":{},"s":{},"f":{},"b":{},"meta":{"lastBranch":0,"lastFunction":0,"lastStatement":0,"seen":{},"fnNames":{}}}
,"C:\\Users\\HP\\.gemini\\antigravity-ide\\scratch\\teamtender-react\\src\\data\\mock\\workspace\\metadata.js": {"path":"C:\\Users\\HP\\.gemini\\antigravity-ide\\scratch\\teamtender-react\\src\\data\\mock\\workspace\\metadata.js","statementMap":{"0":{"start":{"line":1,"column":31},"end":{"line":7,"column":null}},"1":{"start":{"line":9,"column":31},"end":{"line":13,"column":null}}},"fnMap":{},"branchMap":{},"s":{"0":1,"1":1},"f":{},"b":{},"meta":{"lastBranch":0,"lastFunction":0,"lastStatement":2,"seen":{"s:1:31:7:Infinity":0,"s:9:31:13:Infinity":1},"fnNames":{}}}
,"C:\\Users\\HP\\.gemini\\antigravity-ide\\scratch\\teamtender-react\\src\\data\\mock\\workspace\\options.js": {"path":"C:\\Users\\HP\\.gemini\\antigravity-ide\\scratch\\teamtender-react\\src\\data\\mock\\workspace\\options.js","statementMap":{"0":{"start":{"line":1,"column":33},"end":{"line":4,"column":null}},"1":{"start":{"line":6,"column":36},"end":{"line":9,"column":null}},"2":{"start":{"line":11,"column":37},"end":{"line":27,"column":null}},"3":{"start":{"line":29,"column":38},"end":{"line":33,"column":null}},"4":{"start":{"line":35,"column":33},"end":{"line":40,"column":null}},"5":{"start":{"line":42,"column":34},"end":{"line":47,"column":null}},"6":{"start":{"line":49,"column":33},"end":{"line":53,"column":null}},"7":{"start":{"line":55,"column":34},"end":{"line":70,"column":null}},"8":{"start":{"line":72,"column":32},"end":{"line":76,"column":null}}},"fnMap":{},"branchMap":{},"s":{"0":1,"1":1,"2":1,"3":1,"4":1,"5":1,"6":1,"7":1,"8":1},"f":{},"b":{},"meta":{"lastBranch":0,"lastFunction":0,"lastStatement":9,"seen":{"s:1:33:4:Infinity":0,"s:6:36:9:Infinity":1,"s:11:37:27:Infinity":2,"s:29:38:33:Infinity":3,"s:35:33:40:Infinity":4,"s:42:34:47:Infinity":5,"s:49:33:53:Infinity":6,"s:55:34:70:Infinity":7,"s:72:32:76:Infinity":8},"fnNames":{}}}
,"C:\\Users\\HP\\.gemini\\antigravity-ide\\scratch\\teamtender-react\\src\\data\\mock\\workspace\\tabs.js": {"path":"C:\\Users\\HP\\.gemini\\antigravity-ide\\scratch\\teamtender-react\\src\\data\\mock\\workspace\\tabs.js","statementMap":{"0":{"start":{"line":1,"column":30},"end":{"line":7,"column":null}},"1":{"start":{"line":9,"column":26},"end":{"line":14,"column":null}},"2":{"start":{"line":16,"column":36},"end":{"line":21,"column":null}},"3":{"start":{"line":23,"column":31},"end":{"line":31,"column":null}},"4":{"start":{"line":33,"column":30},"end":{"line":37,"column":null}}},"fnMap":{},"branchMap":{},"s":{"0":1,"1":1,"2":1,"3":1,"4":1},"f":{},"b":{},"meta":{"lastBranch":0,"lastFunction":0,"lastStatement":5,"seen":{"s:1:30:7:Infinity":0,"s:9:26:14:Infinity":1,"s:16:36:21:Infinity":2,"s:23:31:31:Infinity":3,"s:33:30:37:Infinity":4},"fnNames":{}}}
,"C:\\Users\\HP\\.gemini\\antigravity-ide\\scratch\\teamtender-react\\src\\engines\\validation\\documentValidationEngine.js": {"path":"C:\\Users\\HP\\.gemini\\antigravity-ide\\scratch\\teamtender-react\\src\\engines\\validation\\documentValidationEngine.js","statementMap":{"0":{"start":{"line":15,"column":4},"end":{"line":17,"column":null}},"1":{"start":{"line":16,"column":8},"end":{"line":16,"column":null}},"2":{"start":{"line":18,"column":4},"end":{"line":24,"column":null}},"3":{"start":{"line":35,"column":4},"end":{"line":37,"column":null}},"4":{"start":{"line":36,"column":8},"end":{"line":36,"column":null}},"5":{"start":{"line":38,"column":4},"end":{"line":44,"column":null}},"6":{"start":{"line":56,"column":17},"end":{"line":56,"column":null}},"7":{"start":{"line":57,"column":25},"end":{"line":57,"column":null}},"8":{"start":{"line":58,"column":16},"end":{"line":60,"column":null}},"9":{"start":{"line":62,"column":4},"end":{"line":66,"column":null}},"10":{"start":{"line":77,"column":33},"end":{"line":77,"column":null}},"11":{"start":{"line":78,"column":16},"end":{"line":78,"column":null}},"12":{"start":{"line":79,"column":4},"end":{"line":79,"column":null}}},"fnMap":{"0":{"name":"markDocumentValidating","decl":{"start":{"line":14,"column":16},"end":{"line":14,"column":39}},"loc":{"start":{"line":14,"column":66},"end":{"line":25,"column":null}},"line":14},"1":{"name":"markDocumentValid","decl":{"start":{"line":34,"column":16},"end":{"line":34,"column":34}},"loc":{"start":{"line":34,"column":61},"end":{"line":45,"column":null}},"line":34},"2":{"name":"createValidationLog","decl":{"start":{"line":55,"column":16},"end":{"line":55,"column":36}},"loc":{"start":{"line":55,"column":73},"end":{"line":67,"column":null}},"line":55},"3":{"name":"validateDocument","decl":{"start":{"line":76,"column":16},"end":{"line":76,"column":33}},"loc":{"start":{"line":76,"column":60},"end":{"line":80,"column":null}},"line":76}},"branchMap":{"0":{"loc":{"start":{"line":15,"column":4},"end":{"line":17,"column":null}},"type":"if","locations":[{"start":{"line":15,"column":4},"end":{"line":17,"column":null}},{"start":{},"end":{}}],"line":15},"1":{"loc":{"start":{"line":15,"column":8},"end":{"line":15,"column":69}},"type":"binary-expr","locations":[{"start":{"line":15,"column":8},"end":{"line":15,"column":33}},{"start":{"line":15,"column":33},"end":{"line":15,"column":41}},{"start":{"line":15,"column":41},"end":{"line":15,"column":69}}],"line":15},"2":{"loc":{"start":{"line":35,"column":4},"end":{"line":37,"column":null}},"type":"if","locations":[{"start":{"line":35,"column":4},"end":{"line":37,"column":null}},{"start":{},"end":{}}],"line":35},"3":{"loc":{"start":{"line":35,"column":8},"end":{"line":35,"column":69}},"type":"binary-expr","locations":[{"start":{"line":35,"column":8},"end":{"line":35,"column":33}},{"start":{"line":35,"column":33},"end":{"line":35,"column":41}},{"start":{"line":35,"column":41},"end":{"line":35,"column":69}}],"line":35},"4":{"loc":{"start":{"line":55,"column":41},"end":{"line":55,"column":57}},"type":"default-arg","locations":[{"start":{"line":55,"column":50},"end":{"line":55,"column":57}}],"line":55},"5":{"loc":{"start":{"line":55,"column":57},"end":{"line":55,"column":73}},"type":"default-arg","locations":[{"start":{"line":55,"column":67},"end":{"line":55,"column":73}}],"line":55},"6":{"loc":{"start":{"line":56,"column":17},"end":{"line":56,"column":null}},"type":"binary-expr","locations":[{"start":{"line":56,"column":17},"end":{"line":56,"column":28}},{"start":{"line":56,"column":28},"end":{"line":56,"column":null}}],"line":56},"7":{"loc":{"start":{"line":57,"column":25},"end":{"line":57,"column":null}},"type":"cond-expr","locations":[{"start":{"line":57,"column":31},"end":{"line":57,"column":51}},{"start":{"line":57,"column":51},"end":{"line":57,"column":null}}],"line":57},"8":{"loc":{"start":{"line":58,"column":16},"end":{"line":60,"column":null}},"type":"cond-expr","locations":[{"start":{"line":59,"column":10},"end":{"line":59,"column":null}},{"start":{"line":60,"column":10},"end":{"line":60,"column":null}}],"line":58}},"s":{"0":5,"1":4,"2":1,"3":5,"4":1,"5":4,"6":4,"7":4,"8":4,"9":4,"10":1,"11":1,"12":1},"f":{"0":5,"1":5,"2":4,"3":1},"b":{"0":[4,1],"1":[5,3,2],"2":[1,4],"3":[5,5,5],"4":[4],"5":[4],"6":[4,2],"7":[3,1],"8":[1,3]},"meta":{"lastBranch":9,"lastFunction":4,"lastStatement":13,"seen":{"f:14:16:14:39":0,"b:15:4:17:Infinity:undefined:undefined:undefined:undefined":0,"s:15:4:17:Infinity":0,"b:15:8:15:33:15:33:15:41:15:41:15:69":1,"s:16:8:16:Infinity":1,"s:18:4:24:Infinity":2,"f:34:16:34:34":1,"b:35:4:37:Infinity:undefined:undefined:undefined:undefined":2,"s:35:4:37:Infinity":3,"b:35:8:35:33:35:33:35:41:35:41:35:69":3,"s:36:8:36:Infinity":4,"s:38:4:44:Infinity":5,"f:55:16:55:36":2,"b:55:50:55:57":4,"b:55:67:55:73":5,"s:56:17:56:Infinity":6,"b:56:17:56:28:56:28:56:Infinity":6,"s:57:25:57:Infinity":7,"b:57:31:57:51:57:51:57:Infinity":7,"s:58:16:60:Infinity":8,"b:59:10:59:Infinity:60:10:60:Infinity":8,"s:62:4:66:Infinity":9,"f:76:16:76:33":3,"s:77:33:77:Infinity":10,"s:78:16:78:Infinity":11,"s:79:4:79:Infinity":12},"fnNames":{}}}
,"C:\\Users\\HP\\.gemini\\antigravity-ide\\scratch\\teamtender-react\\src\\hooks\\workspace\\useWorkspace.js": {"path":"C:\\Users\\HP\\.gemini\\antigravity-ide\\scratch\\teamtender-react\\src\\hooks\\workspace\\useWorkspace.js","statementMap":{"0":{"start":{"line":12,"column":23},"end":{"line":12,"column":null}},"1":{"start":{"line":14,"column":22},"end":{"line":14,"column":39}},"2":{"start":{"line":15,"column":21},"end":{"line":15,"column":37}},"3":{"start":{"line":16,"column":29},"end":{"line":16,"column":53}},"4":{"start":{"line":17,"column":20},"end":{"line":17,"column":35}},"5":{"start":{"line":18,"column":24},"end":{"line":18,"column":null}},"6":{"start":{"line":19,"column":26},"end":{"line":19,"column":null}},"7":{"start":{"line":20,"column":30},"end":{"line":20,"column":null}},"8":{"start":{"line":21,"column":28},"end":{"line":21,"column":null}},"9":{"start":{"line":23,"column":4},"end":{"line":34,"column":null}}},"fnMap":{"0":{"name":"useWorkspace","decl":{"start":{"line":11,"column":16},"end":{"line":11,"column":31}},"loc":{"start":{"line":11,"column":31},"end":{"line":35,"column":null}},"line":11}},"branchMap":{},"s":{"0":5,"1":5,"2":5,"3":5,"4":5,"5":5,"6":5,"7":5,"8":5,"9":5},"f":{"0":5},"b":{},"meta":{"lastBranch":0,"lastFunction":1,"lastStatement":10,"seen":{"f:11:16:11:31":0,"s:12:23:12:Infinity":0,"s:14:22:14:39":1,"s:15:21:15:37":2,"s:16:29:16:53":3,"s:17:20:17:35":4,"s:18:24:18:Infinity":5,"s:19:26:19:Infinity":6,"s:20:30:20:Infinity":7,"s:21:28:21:Infinity":8,"s:23:4:34:Infinity":9},"fnNames":{}}}
,"C:\\Users\\HP\\.gemini\\antigravity-ide\\scratch\\teamtender-react\\src\\hooks\\workspace\\useWorkspaceAI.js": {"path":"C:\\Users\\HP\\.gemini\\antigravity-ide\\scratch\\teamtender-react\\src\\hooks\\workspace\\useWorkspaceAI.js","statementMap":{"0":{"start":{"line":5,"column":32},"end":{"line":5,"column":null}},"1":{"start":{"line":6,"column":64},"end":{"line":6,"column":null}},"2":{"start":{"line":7,"column":56},"end":{"line":7,"column":null}},"3":{"start":{"line":9,"column":4},"end":{"line":13,"column":null}}},"fnMap":{"0":{"name":"useWorkspaceAI","decl":{"start":{"line":4,"column":16},"end":{"line":4,"column":33}},"loc":{"start":{"line":4,"column":33},"end":{"line":14,"column":null}},"line":4}},"branchMap":{},"s":{"0":5,"1":5,"2":5,"3":5},"f":{"0":5},"b":{},"meta":{"lastBranch":0,"lastFunction":1,"lastStatement":4,"seen":{"f:4:16:4:33":0,"s:5:32:5:Infinity":0,"s:6:64:6:Infinity":1,"s:7:56:7:Infinity":2,"s:9:4:13:Infinity":3},"fnNames":{}}}
,"C:\\Users\\HP\\.gemini\\antigravity-ide\\scratch\\teamtender-react\\src\\hooks\\workspace\\useWorkspaceAdministrasi.js": {"path":"C:\\Users\\HP\\.gemini\\antigravity-ide\\scratch\\teamtender-react\\src\\hooks\\workspace\\useWorkspaceAdministrasi.js","statementMap":{"0":{"start":{"line":4,"column":50},"end":{"line":4,"column":null}},"1":{"start":{"line":5,"column":44},"end":{"line":5,"column":null}},"2":{"start":{"line":6,"column":58},"end":{"line":6,"column":null}},"3":{"start":{"line":7,"column":58},"end":{"line":7,"column":null}},"4":{"start":{"line":8,"column":60},"end":{"line":8,"column":null}},"5":{"start":{"line":10,"column":60},"end":{"line":10,"column":null}},"6":{"start":{"line":11,"column":58},"end":{"line":11,"column":null}},"7":{"start":{"line":12,"column":52},"end":{"line":12,"column":null}},"8":{"start":{"line":13,"column":56},"end":{"line":13,"column":null}},"9":{"start":{"line":14,"column":68},"end":{"line":14,"column":null}},"10":{"start":{"line":15,"column":78},"end":{"line":15,"column":null}},"11":{"start":{"line":17,"column":10},"end":{"line":28,"column":null}},"12":{"start":{"line":18,"column":8},"end":{"line":27,"column":null}},"13":{"start":{"line":19,"column":25},"end":{"line":19,"column":null}},"14":{"start":{"line":20,"column":12},"end":{"line":20,"column":null}},"15":{"start":{"line":21,"column":12},"end":{"line":26,"column":null}},"16":{"start":{"line":22,"column":16},"end":{"line":25,"column":null}},"17":{"start":{"line":22,"column":34},"end":{"line":25,"column":17}},"18":{"start":{"line":30,"column":10},"end":{"line":64,"column":null}},"19":{"start":{"line":31,"column":8},"end":{"line":63,"column":null}},"20":{"start":{"line":32,"column":25},"end":{"line":32,"column":null}},"21":{"start":{"line":33,"column":12},"end":{"line":33,"column":null}},"22":{"start":{"line":34,"column":12},"end":{"line":34,"column":null}},"23":{"start":{"line":35,"column":12},"end":{"line":37,"column":null}},"24":{"start":{"line":39,"column":12},"end":{"line":62,"column":null}},"25":{"start":{"line":40,"column":16},"end":{"line":44,"column":null}},"26":{"start":{"line":40,"column":46},"end":{"line":44,"column":17}},"27":{"start":{"line":46,"column":16},"end":{"line":61,"column":null}},"28":{"start":{"line":47,"column":44},"end":{"line":47,"column":null}},"29":{"start":{"line":48,"column":20},"end":{"line":53,"column":null}},"30":{"start":{"line":48,"column":50},"end":{"line":53,"column":21}},"31":{"start":{"line":54,"column":20},"end":{"line":54,"column":null}},"32":{"start":{"line":55,"column":20},"end":{"line":60,"column":null}},"33":{"start":{"line":56,"column":24},"end":{"line":59,"column":null}},"34":{"start":{"line":56,"column":42},"end":{"line":59,"column":25}},"35":{"start":{"line":66,"column":4},"end":{"line":82,"column":null}}},"fnMap":{"0":{"name":"useWorkspaceAdministrasi","decl":{"start":{"line":3,"column":16},"end":{"line":3,"column":41}},"loc":{"start":{"line":3,"column":64},"end":{"line":83,"column":null}},"line":3},"1":{"name":"(anonymous_1)","decl":{"start":{"line":17,"column":10},"end":{"line":17,"column":33}},"loc":{"start":{"line":17,"column":39},"end":{"line":28,"column":null}},"line":17},"2":{"name":"(anonymous_2)","decl":{"start":{"line":22,"column":16},"end":{"line":22,"column":26}},"loc":{"start":{"line":22,"column":34},"end":{"line":25,"column":17}},"line":22},"3":{"name":"(anonymous_3)","decl":{"start":{"line":30,"column":10},"end":{"line":30,"column":37}},"loc":{"start":{"line":30,"column":93},"end":{"line":64,"column":null}},"line":30},"4":{"name":"(anonymous_4)","decl":{"start":{"line":39,"column":12},"end":{"line":39,"column":29}},"loc":{"start":{"line":39,"column":29},"end":{"line":62,"column":15}},"line":39},"5":{"name":"(anonymous_5)","decl":{"start":{"line":40,"column":16},"end":{"line":40,"column":38}},"loc":{"start":{"line":40,"column":46},"end":{"line":44,"column":17}},"line":40},"6":{"name":"(anonymous_6)","decl":{"start":{"line":46,"column":16},"end":{"line":46,"column":33}},"loc":{"start":{"line":46,"column":33},"end":{"line":61,"column":19}},"line":46},"7":{"name":"(anonymous_7)","decl":{"start":{"line":48,"column":20},"end":{"line":48,"column":42}},"loc":{"start":{"line":48,"column":50},"end":{"line":53,"column":21}},"line":48},"8":{"name":"(anonymous_8)","decl":{"start":{"line":56,"column":24},"end":{"line":56,"column":34}},"loc":{"start":{"line":56,"column":42},"end":{"line":59,"column":25}},"line":56}},"branchMap":{"0":{"loc":{"start":{"line":18,"column":8},"end":{"line":27,"column":null}},"type":"if","locations":[{"start":{"line":18,"column":8},"end":{"line":27,"column":null}},{"start":{},"end":{}}],"line":18},"1":{"loc":{"start":{"line":18,"column":11},"end":{"line":18,"column":48}},"type":"binary-expr","locations":[{"start":{"line":18,"column":11},"end":{"line":18,"column":29}},{"start":{"line":18,"column":29},"end":{"line":18,"column":48}}],"line":18},"2":{"loc":{"start":{"line":21,"column":12},"end":{"line":26,"column":null}},"type":"if","locations":[{"start":{"line":21,"column":12},"end":{"line":26,"column":null}},{"start":{},"end":{}}],"line":21},"3":{"loc":{"start":{"line":31,"column":8},"end":{"line":63,"column":null}},"type":"if","locations":[{"start":{"line":31,"column":8},"end":{"line":63,"column":null}},{"start":{},"end":{}}],"line":31},"4":{"loc":{"start":{"line":31,"column":11},"end":{"line":31,"column":48}},"type":"binary-expr","locations":[{"start":{"line":31,"column":11},"end":{"line":31,"column":29}},{"start":{"line":31,"column":29},"end":{"line":31,"column":48}}],"line":31},"5":{"loc":{"start":{"line":47,"column":56},"end":{"line":47,"column":81}},"type":"binary-expr","locations":[{"start":{"line":47,"column":56},"end":{"line":47,"column":75}},{"start":{"line":47,"column":75},"end":{"line":47,"column":81}}],"line":47},"6":{"loc":{"start":{"line":55,"column":20},"end":{"line":60,"column":null}},"type":"if","locations":[{"start":{"line":55,"column":20},"end":{"line":60,"column":null}},{"start":{},"end":{}}],"line":55}},"s":{"0":5,"1":5,"2":5,"3":5,"4":5,"5":5,"6":5,"7":5,"8":5,"9":5,"10":5,"11":5,"12":0,"13":0,"14":0,"15":0,"16":0,"17":0,"18":5,"19":0,"20":0,"21":0,"22":0,"23":0,"24":0,"25":0,"26":0,"27":0,"28":0,"29":0,"30":0,"31":0,"32":0,"33":0,"34":0,"35":5},"f":{"0":5,"1":0,"2":0,"3":0,"4":0,"5":0,"6":0,"7":0,"8":0},"b":{"0":[0,0],"1":[0,0],"2":[0,0],"3":[0,0],"4":[0,0],"5":[0,0],"6":[0,0]},"meta":{"lastBranch":7,"lastFunction":9,"lastStatement":36,"seen":{"f:3:16:3:41":0,"s:4:50:4:Infinity":0,"s:5:44:5:Infinity":1,"s:6:58:6:Infinity":2,"s:7:58:7:Infinity":3,"s:8:60:8:Infinity":4,"s:10:60:10:Infinity":5,"s:11:58:11:Infinity":6,"s:12:52:12:Infinity":7,"s:13:56:13:Infinity":8,"s:14:68:14:Infinity":9,"s:15:78:15:Infinity":10,"s:17:10:28:Infinity":11,"f:17:10:17:33":1,"b:18:8:27:Infinity:undefined:undefined:undefined:undefined":0,"s:18:8:27:Infinity":12,"b:18:11:18:29:18:29:18:48":1,"s:19:25:19:Infinity":13,"s:20:12:20:Infinity":14,"b:21:12:26:Infinity:undefined:undefined:undefined:undefined":2,"s:21:12:26:Infinity":15,"s:22:16:25:Infinity":16,"f:22:16:22:26":2,"s:22:34:25:17":17,"s:30:10:64:Infinity":18,"f:30:10:30:37":3,"b:31:8:63:Infinity:undefined:undefined:undefined:undefined":3,"s:31:8:63:Infinity":19,"b:31:11:31:29:31:29:31:48":4,"s:32:25:32:Infinity":20,"s:33:12:33:Infinity":21,"s:34:12:34:Infinity":22,"s:35:12:37:Infinity":23,"s:39:12:62:Infinity":24,"f:39:12:39:29":4,"s:40:16:44:Infinity":25,"f:40:16:40:38":5,"s:40:46:44:17":26,"s:46:16:61:Infinity":27,"f:46:16:46:33":6,"s:47:44:47:Infinity":28,"b:47:56:47:75:47:75:47:81":5,"s:48:20:53:Infinity":29,"f:48:20:48:42":7,"s:48:50:53:21":30,"s:54:20:54:Infinity":31,"b:55:20:60:Infinity:undefined:undefined:undefined:undefined":6,"s:55:20:60:Infinity":32,"s:56:24:59:Infinity":33,"f:56:24:56:34":8,"s:56:42:59:25":34,"s:66:4:82:Infinity":35},"fnNames":{}}}
,"C:\\Users\\HP\\.gemini\\antigravity-ide\\scratch\\teamtender-react\\src\\hooks\\workspace\\useWorkspaceKualifikasi.js": {"path":"C:\\Users\\HP\\.gemini\\antigravity-ide\\scratch\\teamtender-react\\src\\hooks\\workspace\\useWorkspaceKualifikasi.js","statementMap":{"0":{"start":{"line":4,"column":60},"end":{"line":4,"column":null}},"1":{"start":{"line":5,"column":46},"end":{"line":5,"column":null}},"2":{"start":{"line":6,"column":48},"end":{"line":6,"column":null}},"3":{"start":{"line":7,"column":46},"end":{"line":7,"column":null}},"4":{"start":{"line":8,"column":48},"end":{"line":8,"column":null}},"5":{"start":{"line":9,"column":50},"end":{"line":9,"column":null}},"6":{"start":{"line":11,"column":4},"end":{"line":18,"column":null}}},"fnMap":{"0":{"name":"useWorkspaceKualifikasi","decl":{"start":{"line":3,"column":16},"end":{"line":3,"column":42}},"loc":{"start":{"line":3,"column":42},"end":{"line":19,"column":null}},"line":3}},"branchMap":{},"s":{"0":5,"1":5,"2":5,"3":5,"4":5,"5":5,"6":5},"f":{"0":5},"b":{},"meta":{"lastBranch":0,"lastFunction":1,"lastStatement":7,"seen":{"f:3:16:3:42":0,"s:4:60:4:Infinity":0,"s:5:46:5:Infinity":1,"s:6:48:6:Infinity":2,"s:7:46:7:Infinity":3,"s:8:48:8:Infinity":4,"s:9:50:9:Infinity":5,"s:11:4:18:Infinity":6},"fnNames":{}}}
,"C:\\Users\\HP\\.gemini\\antigravity-ide\\scratch\\teamtender-react\\src\\hooks\\workspace\\useWorkspaceOverview.js": {"path":"C:\\Users\\HP\\.gemini\\antigravity-ide\\scratch\\teamtender-react\\src\\hooks\\workspace\\useWorkspaceOverview.js","statementMap":{"0":{"start":{"line":6,"column":52},"end":{"line":6,"column":null}},"1":{"start":{"line":7,"column":50},"end":{"line":7,"column":null}},"2":{"start":{"line":10,"column":31},"end":{"line":35,"column":null}},"3":{"start":{"line":11,"column":31},"end":{"line":11,"column":null}},"4":{"start":{"line":11,"column":60},"end":{"line":11,"column":85}},"5":{"start":{"line":13,"column":32},"end":{"line":17,"column":null}},"6":{"start":{"line":13,"column":57},"end":{"line":17,"column":10}},"7":{"start":{"line":19,"column":8},"end":{"line":34,"column":null}},"8":{"start":{"line":37,"column":4},"end":{"line":42,"column":null}}},"fnMap":{"0":{"name":"useWorkspaceOverview","decl":{"start":{"line":5,"column":16},"end":{"line":5,"column":37}},"loc":{"start":{"line":5,"column":83},"end":{"line":43,"column":null}},"line":5},"1":{"name":"(anonymous_1)","decl":{"start":{"line":10,"column":31},"end":{"line":10,"column":45}},"loc":{"start":{"line":10,"column":45},"end":{"line":35,"column":7}},"line":10},"2":{"name":"(anonymous_2)","decl":{"start":{"line":11,"column":50},"end":{"line":11,"column":55}},"loc":{"start":{"line":11,"column":60},"end":{"line":11,"column":85}},"line":11},"3":{"name":"(anonymous_3)","decl":{"start":{"line":13,"column":47},"end":{"line":13,"column":51}},"loc":{"start":{"line":13,"column":57},"end":{"line":17,"column":10}},"line":13}},"branchMap":{"0":{"loc":{"start":{"line":11,"column":31},"end":{"line":11,"column":null}},"type":"binary-expr","locations":[{"start":{"line":11,"column":31},"end":{"line":11,"column":90}},{"start":{"line":11,"column":90},"end":{"line":11,"column":null}}],"line":11},"1":{"loc":{"start":{"line":13,"column":32},"end":{"line":17,"column":null}},"type":"binary-expr","locations":[{"start":{"line":13,"column":32},"end":{"line":17,"column":15}},{"start":{"line":17,"column":15},"end":{"line":17,"column":null}}],"line":13},"2":{"loc":{"start":{"line":14,"column":18},"end":{"line":14,"column":null}},"type":"binary-expr","locations":[{"start":{"line":14,"column":18},"end":{"line":14,"column":28}},{"start":{"line":14,"column":28},"end":{"line":14,"column":null}}],"line":14},"3":{"loc":{"start":{"line":15,"column":22},"end":{"line":15,"column":null}},"type":"binary-expr","locations":[{"start":{"line":15,"column":22},"end":{"line":15,"column":34}},{"start":{"line":15,"column":34},"end":{"line":15,"column":null}}],"line":15},"4":{"loc":{"start":{"line":28,"column":26},"end":{"line":28,"column":null}},"type":"cond-expr","locations":[{"start":{"line":28,"column":44},"end":{"line":28,"column":93}},{"start":{"line":28,"column":93},"end":{"line":28,"column":null}}],"line":28}},"s":{"0":5,"1":5,"2":5,"3":3,"4":4,"5":3,"6":9,"7":3,"8":5},"f":{"0":5,"1":3,"2":4,"3":9},"b":{"0":[3,0],"1":[3,0],"2":[9,9],"3":[9,0],"4":[3,0]},"meta":{"lastBranch":5,"lastFunction":4,"lastStatement":9,"seen":{"f:5:16:5:37":0,"s:6:52:6:Infinity":0,"s:7:50:7:Infinity":1,"s:10:31:35:Infinity":2,"f:10:31:10:45":1,"s:11:31:11:Infinity":3,"b:11:31:11:90:11:90:11:Infinity":0,"f:11:50:11:55":2,"s:11:60:11:85":4,"s:13:32:17:Infinity":5,"b:13:32:17:15:17:15:17:Infinity":1,"f:13:47:13:51":3,"s:13:57:17:10":6,"b:14:18:14:28:14:28:14:Infinity":2,"b:15:22:15:34:15:34:15:Infinity":3,"s:19:8:34:Infinity":7,"b:28:44:28:93:28:93:28:Infinity":4,"s:37:4:42:Infinity":8},"fnNames":{}}}
,"C:\\Users\\HP\\.gemini\\antigravity-ide\\scratch\\teamtender-react\\src\\hooks\\workspace\\useWorkspaceRAB.js": {"path":"C:\\Users\\HP\\.gemini\\antigravity-ide\\scratch\\teamtender-react\\src\\hooks\\workspace\\useWorkspaceRAB.js","statementMap":{"0":{"start":{"line":6,"column":50},"end":{"line":6,"column":null}},"1":{"start":{"line":7,"column":52},"end":{"line":7,"column":null}},"2":{"start":{"line":8,"column":46},"end":{"line":8,"column":null}},"3":{"start":{"line":9,"column":56},"end":{"line":9,"column":null}},"4":{"start":{"line":10,"column":44},"end":{"line":10,"column":null}},"5":{"start":{"line":11,"column":36},"end":{"line":11,"column":null}},"6":{"start":{"line":12,"column":38},"end":{"line":12,"column":null}},"7":{"start":{"line":13,"column":36},"end":{"line":13,"column":null}},"8":{"start":{"line":14,"column":34},"end":{"line":14,"column":null}},"9":{"start":{"line":17,"column":22},"end":{"line":17,"column":null}},"10":{"start":{"line":19,"column":10},"end":{"line":19,"column":null}},"11":{"start":{"line":19,"column":32},"end":{"line":19,"column":null}},"12":{"start":{"line":21,"column":4},"end":{"line":34,"column":null}}},"fnMap":{"0":{"name":"useWorkspaceRAB","decl":{"start":{"line":5,"column":16},"end":{"line":5,"column":34}},"loc":{"start":{"line":5,"column":34},"end":{"line":35,"column":null}},"line":5},"1":{"name":"(anonymous_1)","decl":{"start":{"line":19,"column":10},"end":{"line":19,"column":32}},"loc":{"start":{"line":19,"column":32},"end":{"line":19,"column":null}},"line":19}},"branchMap":{},"s":{"0":5,"1":5,"2":5,"3":5,"4":5,"5":5,"6":5,"7":5,"8":5,"9":5,"10":5,"11":0,"12":5},"f":{"0":5,"1":0},"b":{},"meta":{"lastBranch":0,"lastFunction":2,"lastStatement":13,"seen":{"f:5:16:5:34":0,"s:6:50:6:Infinity":0,"s:7:52:7:Infinity":1,"s:8:46:8:Infinity":2,"s:9:56:9:Infinity":3,"s:10:44:10:Infinity":4,"s:11:36:11:Infinity":5,"s:12:38:12:Infinity":6,"s:13:36:13:Infinity":7,"s:14:34:14:Infinity":8,"s:17:22:17:Infinity":9,"s:19:10:19:Infinity":10,"f:19:10:19:32":1,"s:19:32:19:Infinity":11,"s:21:4:34:Infinity":12},"fnNames":{}}}
,"C:\\Users\\HP\\.gemini\\antigravity-ide\\scratch\\teamtender-react\\src\\hooks\\workspace\\useWorkspaceTabs.js": {"path":"C:\\Users\\HP\\.gemini\\antigravity-ide\\scratch\\teamtender-react\\src\\hooks\\workspace\\useWorkspaceTabs.js","statementMap":{"0":{"start":{"line":4,"column":32},"end":{"line":4,"column":null}},"1":{"start":{"line":5,"column":48},"end":{"line":5,"column":null}},"2":{"start":{"line":6,"column":54},"end":{"line":6,"column":null}},"3":{"start":{"line":7,"column":44},"end":{"line":7,"column":null}},"4":{"start":{"line":8,"column":42},"end":{"line":8,"column":null}},"5":{"start":{"line":10,"column":4},"end":{"line":16,"column":null}}},"fnMap":{"0":{"name":"useWorkspaceTabs","decl":{"start":{"line":3,"column":16},"end":{"line":3,"column":35}},"loc":{"start":{"line":3,"column":35},"end":{"line":17,"column":null}},"line":3}},"branchMap":{},"s":{"0":5,"1":5,"2":5,"3":5,"4":5,"5":5},"f":{"0":5},"b":{},"meta":{"lastBranch":0,"lastFunction":1,"lastStatement":6,"seen":{"f:3:16:3:35":0,"s:4:32:4:Infinity":0,"s:5:48:5:Infinity":1,"s:6:54:6:Infinity":2,"s:7:44:7:Infinity":3,"s:8:42:8:Infinity":4,"s:10:4:16:Infinity":5},"fnNames":{}}}
,"C:\\Users\\HP\\.gemini\\antigravity-ide\\scratch\\teamtender-react\\src\\hooks\\workspace\\useWorkspaceTeknis.js": {"path":"C:\\Users\\HP\\.gemini\\antigravity-ide\\scratch\\teamtender-react\\src\\hooks\\workspace\\useWorkspaceTeknis.js","statementMap":{"0":{"start":{"line":5,"column":44},"end":{"line":5,"column":null}},"1":{"start":{"line":6,"column":56},"end":{"line":6,"column":null}},"2":{"start":{"line":7,"column":46},"end":{"line":7,"column":null}},"3":{"start":{"line":10,"column":34},"end":{"line":10,"column":null}},"4":{"start":{"line":11,"column":50},"end":{"line":11,"column":null}},"5":{"start":{"line":12,"column":42},"end":{"line":12,"column":null}},"6":{"start":{"line":13,"column":40},"end":{"line":22,"column":null}},"7":{"start":{"line":25,"column":36},"end":{"line":25,"column":null}},"8":{"start":{"line":26,"column":52},"end":{"line":26,"column":null}},"9":{"start":{"line":27,"column":44},"end":{"line":27,"column":null}},"10":{"start":{"line":29,"column":10},"end":{"line":43,"column":null}},"11":{"start":{"line":30,"column":8},"end":{"line":30,"column":null}},"12":{"start":{"line":31,"column":8},"end":{"line":31,"column":null}},"13":{"start":{"line":32,"column":30},"end":{"line":32,"column":null}},"14":{"start":{"line":33,"column":25},"end":{"line":42,"column":null}},"15":{"start":{"line":34,"column":12},"end":{"line":34,"column":null}},"16":{"start":{"line":35,"column":12},"end":{"line":41,"column":null}},"17":{"start":{"line":36,"column":16},"end":{"line":36,"column":null}},"18":{"start":{"line":37,"column":16},"end":{"line":37,"column":null}},"19":{"start":{"line":38,"column":16},"end":{"line":38,"column":null}},"20":{"start":{"line":40,"column":16},"end":{"line":40,"column":null}},"21":{"start":{"line":45,"column":10},"end":{"line":71,"column":null}},"22":{"start":{"line":46,"column":8},"end":{"line":46,"column":null}},"23":{"start":{"line":47,"column":8},"end":{"line":47,"column":null}},"24":{"start":{"line":48,"column":25},"end":{"line":70,"column":null}},"25":{"start":{"line":49,"column":12},"end":{"line":69,"column":null}},"26":{"start":{"line":50,"column":16},"end":{"line":67,"column":null}},"27":{"start":{"line":51,"column":20},"end":{"line":51,"column":null}},"28":{"start":{"line":52,"column":20},"end":{"line":52,"column":null}},"29":{"start":{"line":53,"column":20},"end":{"line":59,"column":null}},"30":{"start":{"line":53,"column":43},"end":{"line":59,"column":22}},"31":{"start":{"line":60,"column":20},"end":{"line":65,"column":null}},"32":{"start":{"line":61,"column":24},"end":{"line":64,"column":null}},"33":{"start":{"line":61,"column":42},"end":{"line":64,"column":25}},"34":{"start":{"line":66,"column":20},"end":{"line":66,"column":null}},"35":{"start":{"line":68,"column":16},"end":{"line":68,"column":null}},"36":{"start":{"line":73,"column":4},"end":{"line":88,"column":null}}},"fnMap":{"0":{"name":"useWorkspaceTeknis","decl":{"start":{"line":4,"column":16},"end":{"line":4,"column":35}},"loc":{"start":{"line":4,"column":46},"end":{"line":89,"column":null}},"line":4},"1":{"name":"(anonymous_1)","decl":{"start":{"line":29,"column":10},"end":{"line":29,"column":38}},"loc":{"start":{"line":29,"column":38},"end":{"line":43,"column":null}},"line":29},"2":{"name":"(anonymous_2)","decl":{"start":{"line":33,"column":25},"end":{"line":33,"column":43}},"loc":{"start":{"line":33,"column":43},"end":{"line":42,"column":11}},"line":33},"3":{"name":"(anonymous_3)","decl":{"start":{"line":45,"column":10},"end":{"line":45,"column":37}},"loc":{"start":{"line":45,"column":37},"end":{"line":71,"column":null}},"line":45},"4":{"name":"(anonymous_4)","decl":{"start":{"line":48,"column":25},"end":{"line":48,"column":43}},"loc":{"start":{"line":48,"column":43},"end":{"line":70,"column":11}},"line":48},"5":{"name":"(anonymous_5)","decl":{"start":{"line":49,"column":12},"end":{"line":49,"column":27}},"loc":{"start":{"line":49,"column":32},"end":{"line":69,"column":13}},"line":49},"6":{"name":"(anonymous_6)","decl":{"start":{"line":53,"column":20},"end":{"line":53,"column":34}},"loc":{"start":{"line":53,"column":43},"end":{"line":59,"column":22}},"line":53},"7":{"name":"(anonymous_7)","decl":{"start":{"line":61,"column":24},"end":{"line":61,"column":34}},"loc":{"start":{"line":61,"column":42},"end":{"line":64,"column":25}},"line":61}},"branchMap":{"0":{"loc":{"start":{"line":35,"column":12},"end":{"line":41,"column":null}},"type":"if","locations":[{"start":{"line":35,"column":12},"end":{"line":41,"column":null}},{"start":{"line":39,"column":19},"end":{"line":41,"column":null}}],"line":35},"1":{"loc":{"start":{"line":50,"column":16},"end":{"line":67,"column":null}},"type":"if","locations":[{"start":{"line":50,"column":16},"end":{"line":67,"column":null}},{"start":{},"end":{}}],"line":50},"2":{"loc":{"start":{"line":60,"column":20},"end":{"line":65,"column":null}},"type":"if","locations":[{"start":{"line":60,"column":20},"end":{"line":65,"column":null}},{"start":{},"end":{}}],"line":60}},"s":{"0":5,"1":5,"2":5,"3":5,"4":5,"5":5,"6":5,"7":5,"8":5,"9":5,"10":5,"11":0,"12":0,"13":0,"14":0,"15":0,"16":0,"17":0,"18":0,"19":0,"20":0,"21":5,"22":0,"23":0,"24":0,"25":0,"26":0,"27":0,"28":0,"29":0,"30":0,"31":0,"32":0,"33":0,"34":0,"35":0,"36":5},"f":{"0":5,"1":0,"2":0,"3":0,"4":0,"5":0,"6":0,"7":0},"b":{"0":[0,0],"1":[0,0],"2":[0,0]},"meta":{"lastBranch":3,"lastFunction":8,"lastStatement":37,"seen":{"f:4:16:4:35":0,"s:5:44:5:Infinity":0,"s:6:56:6:Infinity":1,"s:7:46:7:Infinity":2,"s:10:34:10:Infinity":3,"s:11:50:11:Infinity":4,"s:12:42:12:Infinity":5,"s:13:40:22:Infinity":6,"s:25:36:25:Infinity":7,"s:26:52:26:Infinity":8,"s:27:44:27:Infinity":9,"s:29:10:43:Infinity":10,"f:29:10:29:38":1,"s:30:8:30:Infinity":11,"s:31:8:31:Infinity":12,"s:32:30:32:Infinity":13,"s:33:25:42:Infinity":14,"f:33:25:33:43":2,"s:34:12:34:Infinity":15,"b:35:12:41:Infinity:39:19:41:Infinity":0,"s:35:12:41:Infinity":16,"s:36:16:36:Infinity":17,"s:37:16:37:Infinity":18,"s:38:16:38:Infinity":19,"s:40:16:40:Infinity":20,"s:45:10:71:Infinity":21,"f:45:10:45:37":3,"s:46:8:46:Infinity":22,"s:47:8:47:Infinity":23,"s:48:25:70:Infinity":24,"f:48:25:48:43":4,"s:49:12:69:Infinity":25,"f:49:12:49:27":5,"b:50:16:67:Infinity:undefined:undefined:undefined:undefined":1,"s:50:16:67:Infinity":26,"s:51:20:51:Infinity":27,"s:52:20:52:Infinity":28,"s:53:20:59:Infinity":29,"f:53:20:53:34":6,"s:53:43:59:22":30,"b:60:20:65:Infinity:undefined:undefined:undefined:undefined":2,"s:60:20:65:Infinity":31,"s:61:24:64:Infinity":32,"f:61:24:61:34":7,"s:61:42:64:25":33,"s:66:20:66:Infinity":34,"s:68:16:68:Infinity":35,"s:73:4:88:Infinity":36},"fnNames":{}}}
,"C:\\Users\\HP\\.gemini\\antigravity-ide\\scratch\\teamtender-react\\src\\hooks\\workspace\\useWorkspaceValidation.js": {"path":"C:\\Users\\HP\\.gemini\\antigravity-ide\\scratch\\teamtender-react\\src\\hooks\\workspace\\useWorkspaceValidation.js","statementMap":{"0":{"start":{"line":5,"column":6},"end":{"line":8,"column":null}},"1":{"start":{"line":5,"column":49},"end":{"line":8,"column":null}},"2":{"start":{"line":10,"column":6},"end":{"line":13,"column":null}},"3":{"start":{"line":10,"column":44},"end":{"line":13,"column":null}},"4":{"start":{"line":15,"column":6},"end":{"line":28,"column":null}},"5":{"start":{"line":16,"column":18},"end":{"line":16,"column":null}},"6":{"start":{"line":17,"column":4},"end":{"line":21,"column":null}},"7":{"start":{"line":17,"column":24},"end":{"line":17,"column":null}},"8":{"start":{"line":18,"column":9},"end":{"line":21,"column":null}},"9":{"start":{"line":18,"column":29},"end":{"line":18,"column":null}},"10":{"start":{"line":19,"column":9},"end":{"line":21,"column":null}},"11":{"start":{"line":19,"column":28},"end":{"line":19,"column":null}},"12":{"start":{"line":20,"column":9},"end":{"line":21,"column":null}},"13":{"start":{"line":20,"column":28},"end":{"line":20,"column":null}},"14":{"start":{"line":21,"column":9},"end":{"line":21,"column":null}},"15":{"start":{"line":23,"column":4},"end":{"line":27,"column":null}},"16":{"start":{"line":31,"column":46},"end":{"line":31,"column":null}},"17":{"start":{"line":32,"column":50},"end":{"line":32,"column":null}},"18":{"start":{"line":34,"column":10},"end":{"line":42,"column":null}},"19":{"start":{"line":35,"column":8},"end":{"line":35,"column":null}},"20":{"start":{"line":35,"column":33},"end":{"line":35,"column":66}},"21":{"start":{"line":36,"column":8},"end":{"line":41,"column":null}},"22":{"start":{"line":37,"column":12},"end":{"line":37,"column":null}},"23":{"start":{"line":37,"column":37},"end":{"line":37,"column":65}},"24":{"start":{"line":38,"column":12},"end":{"line":40,"column":null}},"25":{"start":{"line":39,"column":16},"end":{"line":39,"column":null}},"26":{"start":{"line":39,"column":34},"end":{"line":39,"column":76}},"27":{"start":{"line":44,"column":10},"end":{"line":61,"column":null}},"28":{"start":{"line":45,"column":8},"end":{"line":45,"column":null}},"29":{"start":{"line":46,"column":21},"end":{"line":46,"column":null}},"30":{"start":{"line":47,"column":8},"end":{"line":60,"column":null}},"31":{"start":{"line":48,"column":12},"end":{"line":59,"column":null}},"32":{"start":{"line":49,"column":16},"end":{"line":49,"column":null}},"33":{"start":{"line":49,"column":41},"end":{"line":49,"column":74}},"34":{"start":{"line":50,"column":16},"end":{"line":58,"column":null}},"35":{"start":{"line":51,"column":20},"end":{"line":51,"column":null}},"36":{"start":{"line":51,"column":45},"end":{"line":51,"column":73}},"37":{"start":{"line":52,"column":20},"end":{"line":54,"column":null}},"38":{"start":{"line":53,"column":24},"end":{"line":53,"column":null}},"39":{"start":{"line":53,"column":42},"end":{"line":53,"column":83}},"40":{"start":{"line":55,"column":20},"end":{"line":57,"column":null}},"41":{"start":{"line":56,"column":24},"end":{"line":56,"column":null}},"42":{"start":{"line":63,"column":4},"end":{"line":70,"column":null}}},"fnMap":{"0":{"name":"(anonymous_0)","decl":{"start":{"line":5,"column":6},"end":{"line":5,"column":32}},"loc":{"start":{"line":5,"column":49},"end":{"line":8,"column":null}},"line":5},"1":{"name":"(anonymous_1)","decl":{"start":{"line":10,"column":6},"end":{"line":10,"column":27}},"loc":{"start":{"line":10,"column":44},"end":{"line":13,"column":null}},"line":10},"2":{"name":"(anonymous_2)","decl":{"start":{"line":15,"column":6},"end":{"line":15,"column":29}},"loc":{"start":{"line":15,"column":54},"end":{"line":28,"column":null}},"line":15},"3":{"name":"useWorkspaceValidation","decl":{"start":{"line":30,"column":16},"end":{"line":30,"column":39}},"loc":{"start":{"line":30,"column":50},"end":{"line":71,"column":null}},"line":30},"4":{"name":"(anonymous_4)","decl":{"start":{"line":34,"column":10},"end":{"line":34,"column":31}},"loc":{"start":{"line":34,"column":39},"end":{"line":42,"column":null}},"line":34},"5":{"name":"(anonymous_5)","decl":{"start":{"line":35,"column":8},"end":{"line":35,"column":25}},"loc":{"start":{"line":35,"column":33},"end":{"line":35,"column":66}},"line":35},"6":{"name":"(anonymous_6)","decl":{"start":{"line":36,"column":8},"end":{"line":36,"column":25}},"loc":{"start":{"line":36,"column":25},"end":{"line":41,"column":11}},"line":36},"7":{"name":"(anonymous_7)","decl":{"start":{"line":37,"column":12},"end":{"line":37,"column":29}},"loc":{"start":{"line":37,"column":37},"end":{"line":37,"column":65}},"line":37},"8":{"name":"(anonymous_8)","decl":{"start":{"line":39,"column":16},"end":{"line":39,"column":26}},"loc":{"start":{"line":39,"column":34},"end":{"line":39,"column":76}},"line":39},"9":{"name":"(anonymous_9)","decl":{"start":{"line":44,"column":10},"end":{"line":44,"column":36}},"loc":{"start":{"line":44,"column":36},"end":{"line":61,"column":null}},"line":44},"10":{"name":"(anonymous_10)","decl":{"start":{"line":47,"column":13},"end":{"line":47,"column":22}},"loc":{"start":{"line":47,"column":37},"end":{"line":60,"column":9}},"line":47},"11":{"name":"(anonymous_11)","decl":{"start":{"line":48,"column":12},"end":{"line":48,"column":29}},"loc":{"start":{"line":48,"column":29},"end":{"line":59,"column":15}},"line":48},"12":{"name":"(anonymous_12)","decl":{"start":{"line":49,"column":16},"end":{"line":49,"column":33}},"loc":{"start":{"line":49,"column":41},"end":{"line":49,"column":74}},"line":49},"13":{"name":"(anonymous_13)","decl":{"start":{"line":50,"column":16},"end":{"line":50,"column":33}},"loc":{"start":{"line":50,"column":33},"end":{"line":58,"column":19}},"line":50},"14":{"name":"(anonymous_14)","decl":{"start":{"line":51,"column":20},"end":{"line":51,"column":37}},"loc":{"start":{"line":51,"column":45},"end":{"line":51,"column":73}},"line":51},"15":{"name":"(anonymous_15)","decl":{"start":{"line":53,"column":24},"end":{"line":53,"column":34}},"loc":{"start":{"line":53,"column":42},"end":{"line":53,"column":83}},"line":53}},"branchMap":{"0":{"loc":{"start":{"line":17,"column":4},"end":{"line":21,"column":null}},"type":"if","locations":[{"start":{"line":17,"column":4},"end":{"line":21,"column":null}},{"start":{"line":18,"column":9},"end":{"line":21,"column":null}}],"line":17},"1":{"loc":{"start":{"line":18,"column":9},"end":{"line":21,"column":null}},"type":"if","locations":[{"start":{"line":18,"column":9},"end":{"line":21,"column":null}},{"start":{"line":19,"column":9},"end":{"line":21,"column":null}}],"line":18},"2":{"loc":{"start":{"line":19,"column":9},"end":{"line":21,"column":null}},"type":"if","locations":[{"start":{"line":19,"column":9},"end":{"line":21,"column":null}},{"start":{"line":20,"column":9},"end":{"line":21,"column":null}}],"line":19},"3":{"loc":{"start":{"line":20,"column":9},"end":{"line":21,"column":null}},"type":"if","locations":[{"start":{"line":20,"column":9},"end":{"line":21,"column":null}},{"start":{"line":21,"column":9},"end":{"line":21,"column":null}}],"line":20},"4":{"loc":{"start":{"line":25,"column":15},"end":{"line":25,"column":null}},"type":"cond-expr","locations":[{"start":{"line":25,"column":33},"end":{"line":25,"column":60}},{"start":{"line":25,"column":60},"end":{"line":25,"column":null}}],"line":25},"5":{"loc":{"start":{"line":38,"column":12},"end":{"line":40,"column":null}},"type":"if","locations":[{"start":{"line":38,"column":12},"end":{"line":40,"column":null}},{"start":{},"end":{}}],"line":38},"6":{"loc":{"start":{"line":52,"column":20},"end":{"line":54,"column":null}},"type":"if","locations":[{"start":{"line":52,"column":20},"end":{"line":54,"column":null}},{"start":{},"end":{}}],"line":52},"7":{"loc":{"start":{"line":55,"column":20},"end":{"line":57,"column":null}},"type":"if","locations":[{"start":{"line":55,"column":20},"end":{"line":57,"column":null}},{"start":{},"end":{}}],"line":55}},"s":{"0":1,"1":0,"2":1,"3":0,"4":1,"5":0,"6":0,"7":0,"8":0,"9":0,"10":0,"11":0,"12":0,"13":0,"14":0,"15":0,"16":5,"17":5,"18":5,"19":0,"20":0,"21":0,"22":0,"23":0,"24":0,"25":0,"26":0,"27":5,"28":0,"29":0,"30":0,"31":0,"32":0,"33":0,"34":0,"35":0,"36":0,"37":0,"38":0,"39":0,"40":0,"41":0,"42":5},"f":{"0":0,"1":0,"2":0,"3":5,"4":0,"5":0,"6":0,"7":0,"8":0,"9":0,"10":0,"11":0,"12":0,"13":0,"14":0,"15":0},"b":{"0":[0,0],"1":[0,0],"2":[0,0],"3":[0,0],"4":[0,0],"5":[0,0],"6":[0,0],"7":[0,0]},"meta":{"lastBranch":8,"lastFunction":16,"lastStatement":43,"seen":{"s:5:6:8:Infinity":0,"f:5:6:5:32":0,"s:5:49:8:Infinity":1,"s:10:6:13:Infinity":2,"f:10:6:10:27":1,"s:10:44:13:Infinity":3,"s:15:6:28:Infinity":4,"f:15:6:15:29":2,"s:16:18:16:Infinity":5,"b:17:4:21:Infinity:18:9:21:Infinity":0,"s:17:4:21:Infinity":6,"s:17:24:17:Infinity":7,"b:18:9:21:Infinity:19:9:21:Infinity":1,"s:18:9:21:Infinity":8,"s:18:29:18:Infinity":9,"b:19:9:21:Infinity:20:9:21:Infinity":2,"s:19:9:21:Infinity":10,"s:19:28:19:Infinity":11,"b:20:9:21:Infinity:21:9:21:Infinity":3,"s:20:9:21:Infinity":12,"s:20:28:20:Infinity":13,"s:21:9:21:Infinity":14,"s:23:4:27:Infinity":15,"b:25:33:25:60:25:60:25:Infinity":4,"f:30:16:30:39":3,"s:31:46:31:Infinity":16,"s:32:50:32:Infinity":17,"s:34:10:42:Infinity":18,"f:34:10:34:31":4,"s:35:8:35:Infinity":19,"f:35:8:35:25":5,"s:35:33:35:66":20,"s:36:8:41:Infinity":21,"f:36:8:36:25":6,"s:37:12:37:Infinity":22,"f:37:12:37:29":7,"s:37:37:37:65":23,"b:38:12:40:Infinity:undefined:undefined:undefined:undefined":5,"s:38:12:40:Infinity":24,"s:39:16:39:Infinity":25,"f:39:16:39:26":8,"s:39:34:39:76":26,"s:44:10:61:Infinity":27,"f:44:10:44:36":9,"s:45:8:45:Infinity":28,"s:46:21:46:Infinity":29,"s:47:8:60:Infinity":30,"f:47:13:47:22":10,"s:48:12:59:Infinity":31,"f:48:12:48:29":11,"s:49:16:49:Infinity":32,"f:49:16:49:33":12,"s:49:41:49:74":33,"s:50:16:58:Infinity":34,"f:50:16:50:33":13,"s:51:20:51:Infinity":35,"f:51:20:51:37":14,"s:51:45:51:73":36,"b:52:20:54:Infinity:undefined:undefined:undefined:undefined":6,"s:52:20:54:Infinity":37,"s:53:24:53:Infinity":38,"f:53:24:53:34":15,"s:53:42:53:83":39,"b:55:20:57:Infinity:undefined:undefined:undefined:undefined":7,"s:55:20:57:Infinity":40,"s:56:24:56:Infinity":41,"s:63:4:70:Infinity":42},"fnNames":{}}}
,"C:\\Users\\HP\\.gemini\\antigravity-ide\\scratch\\teamtender-react\\src\\modules\\workspace\\helpers\\workspaceHelpers.js": {"path":"C:\\Users\\HP\\.gemini\\antigravity-ide\\scratch\\teamtender-react\\src\\modules\\workspace\\helpers\\workspaceHelpers.js","statementMap":{"0":{"start":{"line":9,"column":2},"end":{"line":9,"column":null}},"1":{"start":{"line":9,"column":23},"end":{"line":9,"column":null}},"2":{"start":{"line":9,"column":49},"end":{"line":9,"column":64}},"3":{"start":{"line":10,"column":2},"end":{"line":10,"column":null}},"4":{"start":{"line":10,"column":24},"end":{"line":10,"column":null}},"5":{"start":{"line":10,"column":51},"end":{"line":10,"column":66}},"6":{"start":{"line":11,"column":2},"end":{"line":11,"column":null}},"7":{"start":{"line":11,"column":23},"end":{"line":11,"column":null}},"8":{"start":{"line":11,"column":49},"end":{"line":11,"column":64}},"9":{"start":{"line":12,"column":2},"end":{"line":12,"column":null}},"10":{"start":{"line":19,"column":2},"end":{"line":19,"column":null}},"11":{"start":{"line":19,"column":13},"end":{"line":19,"column":null}},"12":{"start":{"line":20,"column":8},"end":{"line":20,"column":null}},"13":{"start":{"line":20,"column":56},"end":{"line":20,"column":144}},"14":{"start":{"line":21,"column":8},"end":{"line":21,"column":null}},"15":{"start":{"line":21,"column":58},"end":{"line":21,"column":147}},"16":{"start":{"line":22,"column":8},"end":{"line":22,"column":null}},"17":{"start":{"line":22,"column":56},"end":{"line":22,"column":144}},"18":{"start":{"line":23,"column":2},"end":{"line":23,"column":null}},"19":{"start":{"line":30,"column":2},"end":{"line":30,"column":null}},"20":{"start":{"line":30,"column":13},"end":{"line":30,"column":null}},"21":{"start":{"line":31,"column":2},"end":{"line":37,"column":null}},"22":{"start":{"line":32,"column":16},"end":{"line":32,"column":null}},"23":{"start":{"line":33,"column":4},"end":{"line":35,"column":null}},"24":{"start":{"line":34,"column":6},"end":{"line":34,"column":null}},"25":{"start":{"line":36,"column":4},"end":{"line":36,"column":null}},"26":{"start":{"line":38,"column":15},"end":{"line":38,"column":null}},"27":{"start":{"line":38,"column":35},"end":{"line":38,"column":55}},"28":{"start":{"line":39,"column":2},"end":{"line":39,"column":null}},"29":{"start":{"line":39,"column":13},"end":{"line":39,"column":null}},"30":{"start":{"line":40,"column":13},"end":{"line":40,"column":null}},"31":{"start":{"line":42,"column":2},"end":{"line":44,"column":null}},"32":{"start":{"line":43,"column":4},"end":{"line":43,"column":null}},"33":{"start":{"line":45,"column":2},"end":{"line":45,"column":null}},"34":{"start":{"line":52,"column":2},"end":{"line":52,"column":null}},"35":{"start":{"line":52,"column":13},"end":{"line":52,"column":null}},"36":{"start":{"line":53,"column":2},"end":{"line":53,"column":null}},"37":{"start":{"line":60,"column":2},"end":{"line":60,"column":null}},"38":{"start":{"line":60,"column":16},"end":{"line":60,"column":null}},"39":{"start":{"line":61,"column":14},"end":{"line":61,"column":null}},"40":{"start":{"line":61,"column":44},"end":{"line":61,"column":156}},"41":{"start":{"line":62,"column":2},"end":{"line":64,"column":null}},"42":{"start":{"line":63,"column":4},"end":{"line":63,"column":null}},"43":{"start":{"line":65,"column":2},"end":{"line":65,"column":null}},"44":{"start":{"line":72,"column":2},"end":{"line":72,"column":null}},"45":{"start":{"line":79,"column":2},"end":{"line":79,"column":null}},"46":{"start":{"line":79,"column":32},"end":{"line":79,"column":null}},"47":{"start":{"line":80,"column":2},"end":{"line":99,"column":null}}},"fnMap":{"0":{"name":"calculateItemBasePrice","decl":{"start":{"line":8,"column":16},"end":{"line":8,"column":39}},"loc":{"start":{"line":8,"column":99},"end":{"line":13,"column":null}},"line":8},"1":{"name":"(anonymous_1)","decl":{"start":{"line":9,"column":39},"end":{"line":9,"column":44}},"loc":{"start":{"line":9,"column":49},"end":{"line":9,"column":64}},"line":9},"2":{"name":"(anonymous_2)","decl":{"start":{"line":10,"column":41},"end":{"line":10,"column":46}},"loc":{"start":{"line":10,"column":51},"end":{"line":10,"column":66}},"line":10},"3":{"name":"(anonymous_3)","decl":{"start":{"line":11,"column":39},"end":{"line":11,"column":44}},"loc":{"start":{"line":11,"column":49},"end":{"line":11,"column":64}},"line":11},"4":{"name":"calculateAhspItemTotal","decl":{"start":{"line":18,"column":16},"end":{"line":18,"column":39}},"loc":{"start":{"line":18,"column":91},"end":{"line":24,"column":null}},"line":18},"5":{"name":"(anonymous_5)","decl":{"start":{"line":20,"column":37},"end":{"line":20,"column":45}},"loc":{"start":{"line":20,"column":56},"end":{"line":20,"column":144}},"line":20},"6":{"name":"(anonymous_6)","decl":{"start":{"line":21,"column":39},"end":{"line":21,"column":47}},"loc":{"start":{"line":21,"column":58},"end":{"line":21,"column":147}},"line":21},"7":{"name":"(anonymous_7)","decl":{"start":{"line":22,"column":37},"end":{"line":22,"column":45}},"loc":{"start":{"line":22,"column":56},"end":{"line":22,"column":144}},"line":22},"8":{"name":"calculateBoqUnitRate","decl":{"start":{"line":29,"column":16},"end":{"line":29,"column":37}},"loc":{"start":{"line":29,"column":157},"end":{"line":46,"column":null}},"line":29},"9":{"name":"(anonymous_9)","decl":{"start":{"line":38,"column":25},"end":{"line":38,"column":30}},"loc":{"start":{"line":38,"column":35},"end":{"line":38,"column":55}},"line":38},"10":{"name":"calculateBoqItemTotal","decl":{"start":{"line":51,"column":16},"end":{"line":51,"column":38}},"loc":{"start":{"line":51,"column":158},"end":{"line":54,"column":null}},"line":51},"11":{"name":"calculateBoqGrandTotal","decl":{"start":{"line":59,"column":16},"end":{"line":59,"column":39}},"loc":{"start":{"line":59,"column":214},"end":{"line":66,"column":null}},"line":59},"12":{"name":"(anonymous_12)","decl":{"start":{"line":61,"column":22},"end":{"line":61,"column":30}},"loc":{"start":{"line":61,"column":44},"end":{"line":61,"column":156}},"line":61},"13":{"name":"getCurrentLogTime","decl":{"start":{"line":71,"column":16},"end":{"line":71,"column":36}},"loc":{"start":{"line":71,"column":36},"end":{"line":73,"column":null}},"line":71},"14":{"name":"buildRequestLetterPreviewText","decl":{"start":{"line":78,"column":16},"end":{"line":78,"column":46}},"loc":{"start":{"line":78,"column":85},"end":{"line":101,"column":null}},"line":78}},"branchMap":{"0":{"loc":{"start":{"line":8,"column":53},"end":{"line":8,"column":68}},"type":"default-arg","locations":[{"start":{"line":8,"column":64},"end":{"line":8,"column":68}}],"line":8},"1":{"loc":{"start":{"line":8,"column":68},"end":{"line":8,"column":84}},"type":"default-arg","locations":[{"start":{"line":8,"column":80},"end":{"line":8,"column":84}}],"line":8},"2":{"loc":{"start":{"line":8,"column":84},"end":{"line":8,"column":99}},"type":"default-arg","locations":[{"start":{"line":8,"column":95},"end":{"line":8,"column":99}}],"line":8},"3":{"loc":{"start":{"line":9,"column":2},"end":{"line":9,"column":null}},"type":"if","locations":[{"start":{"line":9,"column":2},"end":{"line":9,"column":null}},{"start":{},"end":{}}],"line":9},"4":{"loc":{"start":{"line":9,"column":30},"end":{"line":9,"column":null}},"type":"binary-expr","locations":[{"start":{"line":9,"column":30},"end":{"line":9,"column":76}},{"start":{"line":9,"column":76},"end":{"line":9,"column":null}}],"line":9},"5":{"loc":{"start":{"line":10,"column":2},"end":{"line":10,"column":null}},"type":"if","locations":[{"start":{"line":10,"column":2},"end":{"line":10,"column":null}},{"start":{},"end":{}}],"line":10},"6":{"loc":{"start":{"line":10,"column":31},"end":{"line":10,"column":null}},"type":"binary-expr","locations":[{"start":{"line":10,"column":31},"end":{"line":10,"column":78}},{"start":{"line":10,"column":78},"end":{"line":10,"column":null}}],"line":10},"7":{"loc":{"start":{"line":11,"column":2},"end":{"line":11,"column":null}},"type":"if","locations":[{"start":{"line":11,"column":2},"end":{"line":11,"column":null}},{"start":{},"end":{}}],"line":11},"8":{"loc":{"start":{"line":11,"column":30},"end":{"line":11,"column":null}},"type":"binary-expr","locations":[{"start":{"line":11,"column":30},"end":{"line":11,"column":76}},{"start":{"line":11,"column":76},"end":{"line":11,"column":null}}],"line":11},"9":{"loc":{"start":{"line":18,"column":45},"end":{"line":18,"column":60}},"type":"default-arg","locations":[{"start":{"line":18,"column":56},"end":{"line":18,"column":60}}],"line":18},"10":{"loc":{"start":{"line":18,"column":60},"end":{"line":18,"column":76}},"type":"default-arg","locations":[{"start":{"line":18,"column":72},"end":{"line":18,"column":76}}],"line":18},"11":{"loc":{"start":{"line":18,"column":76},"end":{"line":18,"column":91}},"type":"default-arg","locations":[{"start":{"line":18,"column":87},"end":{"line":18,"column":91}}],"line":18},"12":{"loc":{"start":{"line":19,"column":2},"end":{"line":19,"column":null}},"type":"if","locations":[{"start":{"line":19,"column":2},"end":{"line":19,"column":null}},{"start":{},"end":{}}],"line":19},"13":{"loc":{"start":{"line":20,"column":20},"end":{"line":20,"column":35}},"type":"binary-expr","locations":[{"start":{"line":20,"column":20},"end":{"line":20,"column":33}},{"start":{"line":20,"column":33},"end":{"line":20,"column":35}}],"line":20},"14":{"loc":{"start":{"line":21,"column":21},"end":{"line":21,"column":37}},"type":"binary-expr","locations":[{"start":{"line":21,"column":21},"end":{"line":21,"column":35}},{"start":{"line":21,"column":35},"end":{"line":21,"column":37}}],"line":21},"15":{"loc":{"start":{"line":22,"column":20},"end":{"line":22,"column":35}},"type":"binary-expr","locations":[{"start":{"line":22,"column":20},"end":{"line":22,"column":33}},{"start":{"line":22,"column":33},"end":{"line":22,"column":35}}],"line":22},"16":{"loc":{"start":{"line":29,"column":43},"end":{"line":29,"column":59}},"type":"default-arg","locations":[{"start":{"line":29,"column":55},"end":{"line":29,"column":59}}],"line":29},"17":{"loc":{"start":{"line":29,"column":59},"end":{"line":29,"column":74}},"type":"default-arg","locations":[{"start":{"line":29,"column":70},"end":{"line":29,"column":74}}],"line":29},"18":{"loc":{"start":{"line":29,"column":74},"end":{"line":29,"column":90}},"type":"default-arg","locations":[{"start":{"line":29,"column":86},"end":{"line":29,"column":90}}],"line":29},"19":{"loc":{"start":{"line":29,"column":90},"end":{"line":29,"column":105}},"type":"default-arg","locations":[{"start":{"line":29,"column":101},"end":{"line":29,"column":105}}],"line":29},"20":{"loc":{"start":{"line":29,"column":105},"end":{"line":29,"column":135}},"type":"default-arg","locations":[{"start":{"line":29,"column":123},"end":{"line":29,"column":135}}],"line":29},"21":{"loc":{"start":{"line":29,"column":135},"end":{"line":29,"column":157}},"type":"default-arg","locations":[{"start":{"line":29,"column":154},"end":{"line":29,"column":157}}],"line":29},"22":{"loc":{"start":{"line":30,"column":2},"end":{"line":30,"column":null}},"type":"if","locations":[{"start":{"line":30,"column":2},"end":{"line":30,"column":null}},{"start":{},"end":{}}],"line":30},"23":{"loc":{"start":{"line":31,"column":2},"end":{"line":37,"column":null}},"type":"if","locations":[{"start":{"line":31,"column":2},"end":{"line":37,"column":null}},{"start":{},"end":{}}],"line":31},"24":{"loc":{"start":{"line":32,"column":16},"end":{"line":32,"column":null}},"type":"binary-expr","locations":[{"start":{"line":32,"column":16},"end":{"line":32,"column":34}},{"start":{"line":32,"column":34},"end":{"line":32,"column":null}}],"line":32},"25":{"loc":{"start":{"line":33,"column":4},"end":{"line":35,"column":null}},"type":"if","locations":[{"start":{"line":33,"column":4},"end":{"line":35,"column":null}},{"start":{},"end":{}}],"line":33},"26":{"loc":{"start":{"line":39,"column":2},"end":{"line":39,"column":null}},"type":"if","locations":[{"start":{"line":39,"column":2},"end":{"line":39,"column":null}},{"start":{},"end":{}}],"line":39},"27":{"loc":{"start":{"line":42,"column":2},"end":{"line":44,"column":null}},"type":"if","locations":[{"start":{"line":42,"column":2},"end":{"line":44,"column":null}},{"start":{},"end":{}}],"line":42},"28":{"loc":{"start":{"line":51,"column":44},"end":{"line":51,"column":60}},"type":"default-arg","locations":[{"start":{"line":51,"column":56},"end":{"line":51,"column":60}}],"line":51},"29":{"loc":{"start":{"line":51,"column":60},"end":{"line":51,"column":75}},"type":"default-arg","locations":[{"start":{"line":51,"column":71},"end":{"line":51,"column":75}}],"line":51},"30":{"loc":{"start":{"line":51,"column":75},"end":{"line":51,"column":91}},"type":"default-arg","locations":[{"start":{"line":51,"column":87},"end":{"line":51,"column":91}}],"line":51},"31":{"loc":{"start":{"line":51,"column":91},"end":{"line":51,"column":106}},"type":"default-arg","locations":[{"start":{"line":51,"column":102},"end":{"line":51,"column":106}}],"line":51},"32":{"loc":{"start":{"line":51,"column":106},"end":{"line":51,"column":136}},"type":"default-arg","locations":[{"start":{"line":51,"column":124},"end":{"line":51,"column":136}}],"line":51},"33":{"loc":{"start":{"line":51,"column":136},"end":{"line":51,"column":158}},"type":"default-arg","locations":[{"start":{"line":51,"column":155},"end":{"line":51,"column":158}}],"line":51},"34":{"loc":{"start":{"line":52,"column":2},"end":{"line":52,"column":null}},"type":"if","locations":[{"start":{"line":52,"column":2},"end":{"line":52,"column":null}},{"start":{},"end":{}}],"line":52},"35":{"loc":{"start":{"line":59,"column":39},"end":{"line":59,"column":53}},"type":"default-arg","locations":[{"start":{"line":59,"column":49},"end":{"line":59,"column":53}}],"line":59},"36":{"loc":{"start":{"line":59,"column":53},"end":{"line":59,"column":69}},"type":"default-arg","locations":[{"start":{"line":59,"column":65},"end":{"line":59,"column":69}}],"line":59},"37":{"loc":{"start":{"line":59,"column":69},"end":{"line":59,"column":84}},"type":"default-arg","locations":[{"start":{"line":59,"column":80},"end":{"line":59,"column":84}}],"line":59},"38":{"loc":{"start":{"line":59,"column":84},"end":{"line":59,"column":100}},"type":"default-arg","locations":[{"start":{"line":59,"column":96},"end":{"line":59,"column":100}}],"line":59},"39":{"loc":{"start":{"line":59,"column":100},"end":{"line":59,"column":115}},"type":"default-arg","locations":[{"start":{"line":59,"column":111},"end":{"line":59,"column":115}}],"line":59},"40":{"loc":{"start":{"line":59,"column":115},"end":{"line":59,"column":145}},"type":"default-arg","locations":[{"start":{"line":59,"column":133},"end":{"line":59,"column":145}}],"line":59},"41":{"loc":{"start":{"line":59,"column":145},"end":{"line":59,"column":167}},"type":"default-arg","locations":[{"start":{"line":59,"column":164},"end":{"line":59,"column":167}}],"line":59},"42":{"loc":{"start":{"line":59,"column":167},"end":{"line":59,"column":195}},"type":"default-arg","locations":[{"start":{"line":59,"column":188},"end":{"line":59,"column":195}}],"line":59},"43":{"loc":{"start":{"line":59,"column":195},"end":{"line":59,"column":214}},"type":"default-arg","locations":[{"start":{"line":59,"column":211},"end":{"line":59,"column":214}}],"line":59},"44":{"loc":{"start":{"line":60,"column":2},"end":{"line":60,"column":null}},"type":"if","locations":[{"start":{"line":60,"column":2},"end":{"line":60,"column":null}},{"start":{},"end":{}}],"line":60},"45":{"loc":{"start":{"line":62,"column":2},"end":{"line":64,"column":null}},"type":"if","locations":[{"start":{"line":62,"column":2},"end":{"line":64,"column":null}},{"start":{},"end":{}}],"line":62},"46":{"loc":{"start":{"line":62,"column":6},"end":{"line":62,"column":59}},"type":"binary-expr","locations":[{"start":{"line":62,"column":6},"end":{"line":62,"column":39}},{"start":{"line":62,"column":39},"end":{"line":62,"column":59}}],"line":62},"47":{"loc":{"start":{"line":79,"column":2},"end":{"line":79,"column":null}},"type":"if","locations":[{"start":{"line":79,"column":2},"end":{"line":79,"column":null}},{"start":{},"end":{}}],"line":79},"48":{"loc":{"start":{"line":79,"column":6},"end":{"line":79,"column":32}},"type":"binary-expr","locations":[{"start":{"line":79,"column":6},"end":{"line":79,"column":19}},{"start":{"line":79,"column":19},"end":{"line":79,"column":32}}],"line":79}},"s":{"0":0,"1":0,"2":0,"3":0,"4":0,"5":0,"6":0,"7":0,"8":0,"9":0,"10":0,"11":0,"12":0,"13":0,"14":0,"15":0,"16":0,"17":0,"18":0,"19":0,"20":0,"21":0,"22":0,"23":0,"24":0,"25":0,"26":0,"27":0,"28":0,"29":0,"30":0,"31":0,"32":0,"33":0,"34":0,"35":0,"36":0,"37":0,"38":0,"39":0,"40":0,"41":0,"42":0,"43":0,"44":0,"45":0,"46":0,"47":0},"f":{"0":0,"1":0,"2":0,"3":0,"4":0,"5":0,"6":0,"7":0,"8":0,"9":0,"10":0,"11":0,"12":0,"13":0,"14":0},"b":{"0":[0],"1":[0],"2":[0],"3":[0,0],"4":[0,0],"5":[0,0],"6":[0,0],"7":[0,0],"8":[0,0],"9":[0],"10":[0],"11":[0],"12":[0,0],"13":[0,0],"14":[0,0],"15":[0,0],"16":[0],"17":[0],"18":[0],"19":[0],"20":[0],"21":[0],"22":[0,0],"23":[0,0],"24":[0,0],"25":[0,0],"26":[0,0],"27":[0,0],"28":[0],"29":[0],"30":[0],"31":[0],"32":[0],"33":[0],"34":[0,0],"35":[0],"36":[0],"37":[0],"38":[0],"39":[0],"40":[0],"41":[0],"42":[0],"43":[0],"44":[0,0],"45":[0,0],"46":[0,0],"47":[0,0],"48":[0,0]},"meta":{"lastBranch":49,"lastFunction":15,"lastStatement":48,"seen":{"f:8:16:8:39":0,"b:8:64:8:68":0,"b:8:80:8:84":1,"b:8:95:8:99":2,"b:9:2:9:Infinity:undefined:undefined:undefined:undefined":3,"s:9:2:9:Infinity":0,"s:9:23:9:Infinity":1,"b:9:30:9:76:9:76:9:Infinity":4,"f:9:39:9:44":1,"s:9:49:9:64":2,"b:10:2:10:Infinity:undefined:undefined:undefined:undefined":5,"s:10:2:10:Infinity":3,"s:10:24:10:Infinity":4,"b:10:31:10:78:10:78:10:Infinity":6,"f:10:41:10:46":2,"s:10:51:10:66":5,"b:11:2:11:Infinity:undefined:undefined:undefined:undefined":7,"s:11:2:11:Infinity":6,"s:11:23:11:Infinity":7,"b:11:30:11:76:11:76:11:Infinity":8,"f:11:39:11:44":3,"s:11:49:11:64":8,"s:12:2:12:Infinity":9,"f:18:16:18:39":4,"b:18:56:18:60":9,"b:18:72:18:76":10,"b:18:87:18:91":11,"b:19:2:19:Infinity:undefined:undefined:undefined:undefined":12,"s:19:2:19:Infinity":10,"s:19:13:19:Infinity":11,"s:20:8:20:Infinity":12,"b:20:20:20:33:20:33:20:35":13,"f:20:37:20:45":5,"s:20:56:20:144":13,"s:21:8:21:Infinity":14,"b:21:21:21:35:21:35:21:37":14,"f:21:39:21:47":6,"s:21:58:21:147":15,"s:22:8:22:Infinity":16,"b:22:20:22:33:22:33:22:35":15,"f:22:37:22:45":7,"s:22:56:22:144":17,"s:23:2:23:Infinity":18,"f:29:16:29:37":8,"b:29:55:29:59":16,"b:29:70:29:74":17,"b:29:86:29:90":18,"b:29:101:29:105":19,"b:29:123:29:135":20,"b:29:154:29:157":21,"b:30:2:30:Infinity:undefined:undefined:undefined:undefined":22,"s:30:2:30:Infinity":19,"s:30:13:30:Infinity":20,"b:31:2:37:Infinity:undefined:undefined:undefined:undefined":23,"s:31:2:37:Infinity":21,"s:32:16:32:Infinity":22,"b:32:16:32:34:32:34:32:Infinity":24,"b:33:4:35:Infinity:undefined:undefined:undefined:undefined":25,"s:33:4:35:Infinity":23,"s:34:6:34:Infinity":24,"s:36:4:36:Infinity":25,"s:38:15:38:Infinity":26,"f:38:25:38:30":9,"s:38:35:38:55":27,"b:39:2:39:Infinity:undefined:undefined:undefined:undefined":26,"s:39:2:39:Infinity":28,"s:39:13:39:Infinity":29,"s:40:13:40:Infinity":30,"b:42:2:44:Infinity:undefined:undefined:undefined:undefined":27,"s:42:2:44:Infinity":31,"s:43:4:43:Infinity":32,"s:45:2:45:Infinity":33,"f:51:16:51:38":10,"b:51:56:51:60":28,"b:51:71:51:75":29,"b:51:87:51:91":30,"b:51:102:51:106":31,"b:51:124:51:136":32,"b:51:155:51:158":33,"b:52:2:52:Infinity:undefined:undefined:undefined:undefined":34,"s:52:2:5
[...]
":"binary-expr","locations":[{"start":{"line":260,"column":21},"end":{"line":260,"column":null}},{"start":{"line":261,"column":24},"end":{"line":296,"column":null}}],"line":260},"7":{"loc":{"start":{"line":300,"column":21},"end":{"line":324,"column":null}},"type":"binary-expr","locations":[{"start":{"line":300,"column":21},"end":{"line":300,"column":null}},{"start":{"line":301,"column":24},"end":{"line":324,"column":null}}],"line":300},"8":{"loc":{"start":{"line":328,"column":21},"end":{"line":618,"column":null}},"type":"binary-expr","locations":[{"start":{"line":328,"column":21},"end":{"line":328,"column":null}},{"start":{"line":329,"column":24},"end":{"line":618,"column":null}}],"line":328},"9":{"loc":{"start":{"line":333,"column":29},"end":{"line":616,"column":null}},"type":"cond-expr","locations":[{"start":{"line":334,"column":32},"end":{"line":389,"column":null}},{"start":{"line":389,"column":32},"end":{"line":616,"column":null}}],"line":333},"10":{"loc":{"start":{"line":337,"column":37},"end":{"line":387,"column":null}},"type":"cond-expr","locations":[{"start":{"line":338,"column":40},"end":{"line":373,"column":41}},{"start":{"line":373,"column":40},"end":{"line":387,"column":null}}],"line":337},"11":{"loc":{"start":{"line":407,"column":54},"end":{"line":409,"column":null}},"type":"cond-expr","locations":[{"start":{"line":408,"column":58},"end":{"line":408,"column":null}},{"start":{"line":409,"column":58},"end":{"line":409,"column":null}}],"line":407},"12":{"loc":{"start":{"line":412,"column":75},"end":{"line":412,"column":124}},"type":"cond-expr","locations":[{"start":{"line":412,"column":86},"end":{"line":412,"column":106}},{"start":{"line":412,"column":106},"end":{"line":412,"column":124}}],"line":412},"13":{"loc":{"start":{"line":423,"column":33},"end":{"line":515,"column":null}},"type":"binary-expr","locations":[{"start":{"line":423,"column":33},"end":{"line":423,"column":null}},{"start":{"line":424,"column":36},"end":{"line":515,"column":null}}],"line":423},"14":{"loc":{"start":{"line":519,"column":33},"end":{"line":523,"column":null}},"type":"binary-expr","locations":[{"start":{"line":519,"column":33},"end":{"line":519,"column":null}},{"start":{"line":520,"column":37},"end":{"line":523,"column":null}}],"line":519},"15":{"loc":{"start":{"line":527,"column":33},"end":{"line":528,"column":null}},"type":"binary-expr","locations":[{"start":{"line":527,"column":33},"end":{"line":527,"column":null}},{"start":{"line":528,"column":37},"end":{"line":528,"column":null}}],"line":527},"16":{"loc":{"start":{"line":532,"column":33},"end":{"line":557,"column":null}},"type":"binary-expr","locations":[{"start":{"line":532,"column":33},"end":{"line":532,"column":null}},{"start":{"line":533,"column":36},"end":{"line":557,"column":null}}],"line":532},"17":{"loc":{"start":{"line":561,"column":33},"end":{"line":610,"column":null}},"type":"binary-expr","locations":[{"start":{"line":561,"column":33},"end":{"line":561,"column":null}},{"start":{"line":562,"column":36},"end":{"line":610,"column":null}}],"line":561},"18":{"loc":{"start":{"line":577,"column":45},"end":{"line":599,"column":null}},"type":"cond-expr","locations":[{"start":{"line":578,"column":48},"end":{"line":592,"column":49}},{"start":{"line":592,"column":48},"end":{"line":599,"column":null}}],"line":577},"19":{"loc":{"start":{"line":624,"column":21},"end":{"line":1105,"column":null}},"type":"binary-expr","locations":[{"start":{"line":624,"column":21},"end":{"line":624,"column":null}},{"start":{"line":625,"column":24},"end":{"line":1105,"column":null}}],"line":624},"20":{"loc":{"start":{"line":655,"column":50},"end":{"line":657,"column":null}},"type":"cond-expr","locations":[{"start":{"line":656,"column":54},"end":{"line":656,"column":null}},{"start":{"line":657,"column":54},"end":{"line":657,"column":null}}],"line":655},"21":{"loc":{"start":{"line":668,"column":33},"end":{"line":673,"column":null}},"type":"binary-expr","locations":[{"start":{"line":668,"column":33},"end":{"line":668,"column":null}},{"start":{"line":669,"column":37},"end":{"line":673,"column":null}}],"line":668},"22":{"loc":{"start":{"line":677,"column":33},"end":{"line":680,"column":null}},"type":"binary-expr","locations":[{"start":{"line":677,"column":33},"end":{"line":677,"column":null}},{"start":{"line":678,"column":36},"end":{"line":680,"column":null}}],"line":677},"23":{"loc":{"start":{"line":683,"column":34},"end":{"line":692,"column":null}},"type":"binary-expr","locations":[{"start":{"line":683,"column":34},"end":{"line":683,"column":null}},{"start":{"line":684,"column":37},"end":{"line":692,"column":null}}],"line":683},"24":{"loc":{"start":{"line":696,"column":33},"end":{"line":705,"column":null}},"type":"binary-expr","locations":[{"start":{"line":696,"column":33},"end":{"line":696,"column":null}},{"start":{"line":697,"column":36},"end":{"line":705,"column":null}}],"line":696},"25":{"loc":{"start":{"line":709,"column":33},"end":{"line":766,"column":null}},"type":"binary-expr","locations":[{"start":{"line":709,"column":33},"end":{"line":709,"column":null}},{"start":{"line":710,"column":36},"end":{"line":766,"column":null}}],"line":709},"26":{"loc":{"start":{"line":770,"column":33},"end":{"line":786,"column":null}},"type":"binary-expr","locations":[{"start":{"line":770,"column":33},"end":{"line":770,"column":null}},{"start":{"line":771,"column":36},"end":{"line":786,"column":null}}],"line":770},"27":{"loc":{"start":{"line":790,"column":33},"end":{"line":1102,"column":null}},"type":"binary-expr","locations":[{"start":{"line":790,"column":33},"end":{"line":790,"column":null}},{"start":{"line":791,"column":36},"end":{"line":1102,"column":null}}],"line":790},"28":{"loc":{"start":{"line":821,"column":124},"end":{"line":821,"column":null}},"type":"cond-expr","locations":[{"start":{"line":821,"column":147},"end":{"line":821,"column":185}},{"start":{"line":821,"column":185},"end":{"line":821,"column":null}}],"line":821},"29":{"loc":{"start":{"line":839,"column":66},"end":{"line":839,"column":null}},"type":"binary-expr","locations":[{"start":{"line":839,"column":66},"end":{"line":839,"column":86}},{"start":{"line":839,"column":86},"end":{"line":839,"column":null}}],"line":839},"30":{"loc":{"start":{"line":842,"column":80},"end":{"line":842,"column":null}},"type":"cond-expr","locations":[{"start":{"line":842,"column":99},"end":{"line":842,"column":122}},{"start":{"line":842,"column":122},"end":{"line":842,"column":null}}],"line":842},"31":{"loc":{"start":{"line":842,"column":122},"end":{"line":842,"column":null}},"type":"cond-expr","locations":[{"start":{"line":842,"column":145},"end":{"line":842,"column":169}},{"start":{"line":842,"column":169},"end":{"line":842,"column":null}}],"line":842},"32":{"loc":{"start":{"line":846,"column":49},"end":{"line":855,"column":null}},"type":"binary-expr","locations":[{"start":{"line":846,"column":49},"end":{"line":846,"column":null}},{"start":{"line":847,"column":52},"end":{"line":855,"column":null}}],"line":846},"33":{"loc":{"start":{"line":860,"column":53},"end":{"line":888,"column":null}},"type":"binary-expr","locations":[{"start":{"line":860,"column":53},"end":{"line":860,"column":null}},{"start":{"line":861,"column":56},"end":{"line":888,"column":null}}],"line":860},"34":{"loc":{"start":{"line":891,"column":53},"end":{"line":930,"column":null}},"type":"binary-expr","locations":[{"start":{"line":891,"column":53},"end":{"line":891,"column":null}},{"start":{"line":892,"column":56},"end":{"line":930,"column":null}}],"line":891},"35":{"loc":{"start":{"line":918,"column":162},"end":{"line":918,"column":210}},"type":"binary-expr","locations":[{"start":{"line":918,"column":162},"end":{"line":918,"column":185}},{"start":{"line":918,"column":185},"end":{"line":918,"column":210}}],"line":918},"36":{"loc":{"start":{"line":933,"column":53},"end":{"line":975,"column":null}},"type":"binary-expr","locations":[{"start":{"line":933,"column":53},"end":{"line":933,"column":null}},{"start":{"line":934,"column":56},"end":{"line":975,"column":null}}],"line":933},"37":{"loc":{"start":{"line":978,"column":53},"end":{"line":1017,"column":null}},"type":"binary-expr","locations":[{"start":{"line":978,"column":53},"end":{"line":978,"column":null}},{"start":{"line":979,"column":56},"end":{"line":1017,"column":null}}],"line":978},"38":{"loc":{"start":{"line":1020,"column":53},"end":{"line":1076,"column":null}},"type":"binary-expr","locations":[{"start":{"line":1020,"column":53},"end":{"line":1020,"column":null}},{"start":{"line":1021,"column":56},"end":{"line":1076,"column":null}}],"line":1020},"39":{"loc":{"start":{"line":1048,"column":153},"end":{"line":1048,"column":174}},"type":"cond-expr","locations":[{"start":{"line":1048,"column":161},"end":{"line":1048,"column":167}},{"start":{"line":1048,"column":167},"end":{"line":1048,"column":174}}],"line":1048},"40":{"loc":{"start":{"line":1080,"column":53},"end":{"line":1087,"column":null}},"type":"binary-expr","locations":[{"start":{"line":1080,"column":53},"end":{"line":1080,"column":null}},{"start":{"line":1081,"column":56},"end":{"line":1087,"column":null}}],"line":1080}},"s":{"0":1,"1":0,"2":0,"3":1,"4":0,"5":0,"6":1,"7":0,"8":0,"9":1,"10":0,"11":0,"12":1,"13":0,"14":0,"15":1,"16":0,"17":0,"18":5,"19":5,"20":5,"21":5,"22":5,"23":5,"24":5,"25":0,"26":0,"27":0,"28":0,"29":0,"30":0,"31":5,"32":25,"33":1,"34":0,"35":0,"36":0,"37":0,"38":0,"39":0,"40":0,"41":0,"42":0,"43":0,"44":0,"45":0,"46":0,"47":28,"48":1,"49":0,"50":0,"51":0,"52":0,"53":0,"54":0,"55":0,"56":0},"f":{"0":0,"1":0,"2":0,"3":0,"4":0,"5":0,"6":0,"7":0,"8":0,"9":0,"10":0,"11":0,"12":5,"13":0,"14":0,"15":0,"16":25,"17":1,"18":0,"19":0,"20":0,"21":0,"22":0,"23":0,"24":0,"25":28,"26":1,"27":0,"28":0,"29":0,"30":0,"31":0,"32":0,"33":0,"34":0},"b":{"0":[5,0],"1":[5,0],"2":[5,0],"3":[5,0],"4":[5,20],"5":[5,1],"6":[5,0],"7":[5,0],"8":[5,0],"9":[0,0],"10":[0,0],"11":[0,0],"12":[0,0],"13":[0,0],"14":[0,0],"15":[0,0],"16":[0,0],"17":[0,0],"18":[0,0],"19":[5,4],"20":[4,24],"21":[4,1],"22":[4,0],"23":[4,0],"24":[4,3],"25":[4,0],"26":[4,0],"27":[4,0],"28":[0,0],"29":[0,0],"30":[0,0],"31":[0,0],"32":[0,0],"33":[0,0],"34":[0,0],"35":[0,0],"36":[0,0],"37":[0,0],"38":[0,0],"39":[0,0],"40":[0,0]},"meta":{"lastBranch":41,"lastFunction":35,"lastStatement":57,"seen":{"s:30:27:30:Infinity":0,"f:30:33:30:44":0,"s:30:44:30:Infinity":1,"f:30:103:30:116":1,"s:30:125:30:Infinity":2,"s:31:19:31:Infinity":3,"f:31:25:31:36":2,"s:31:36:31:Infinity":4,"f:31:87:31:100":3,"s:31:109:31:Infinity":5,"s:32:20:32:Infinity":6,"f:32:26:32:37":4,"s:32:37:32:Infinity":7,"f:32:93:32:106":5,"s:32:115:32:Infinity":8,"s:33:19:33:Infinity":9,"f:33:25:33:36":6,"s:33:36:33:Infinity":10,"f:33:91:33:104":7,"s:33:113:33:Infinity":11,"s:34:25:34:Infinity":12,"f:34:31:34:42":8,"s:34:42:34:Infinity":13,"f:34:99:34:112":9,"s:34:121:34:Infinity":14,"s:35:28:35:Infinity":15,"f:35:34:35:45":10,"s:35:45:35:Infinity":16,"f:35:105:35:118":11,"s:35:127:35:Infinity":17,"f:40:24:40:36":12,"s:41:27:41:40":18,"s:69:8:69:Infinity":19,"s:71:30:71:Infinity":20,"b:71:30:71:41:71:41:71:Infinity":0,"s:72:53:72:Infinity":21,"b:72:53:72:64:72:64:72:Infinity":1,"s:73:56:73:Infinity":22,"b:73:56:73:67:73:67:73:Infinity":2,"s:74:61:74:Infinity":23,"b:74:61:74:72:74:72:74:Infinity":3,"s:77:10:84:Infinity":24,"f:77:10:77:37":13,"s:78:8:78:Infinity":25,"s:79:8:83:Infinity":26,"f:79:8:79:25":14,"s:80:12:80:Infinity":27,"s:81:12:81:Infinity":28,"s:82:12:82:Infinity":29,"f:82:12:82:22":15,"s:82:30:82:180":30,"s:86:4:1114:Infinity":31,"f:120:23:120:27":16,"s:121:24:131:Infinity":32,"f:123:28:123:43":17,"s:123:43:123:Infinity":33,"b:126:38:126:Infinity:127:38:127:Infinity":4,"b:141:25:141:Infinity:142:28:256:Infinity":5,"b:260:21:260:Infinity:261:24:296:Infinity":6,"b:300:21:300:Infinity:301:24:324:Infinity":7,"b:328:21:328:Infinity:329:24:618:Infinity":8,"b:334:32:389:Infinity:389:32:616:Infinity":9,"b:338:40:373:41:373:40:387:Infinity":10,"f:350:48:350:63":18,"s:351:52:351:Infinity":34,"s:352:52:356:Infinity":35,"f:352:52:352:69":19,"s:353:56:353:Infinity":36,"s:354:56:354:Infinity":37,"s:355:56:355:Infinity":38,"f:399:38:399:42":20,"s:400:53:400:Infinity":39,"s:401:57:401:Infinity":40,"s:402:40:414:Infinity":41,"f:405:48:405:63":21,"s:405:63:405:Infinity":42,"b:408:58:408:Infinity:409:58:409:Infinity":11,"b:412:86:412:106:412:106:412:124":12,"b:423:33:423:Infinity:424:36:515:Infinity":13,"f:498:54:498:59":22,"s:499:56:510:Infinity":43,"b:519:33:519:Infinity:520:37:523:Infinity":14,"b:527:33:527:Infinity:528:37:528:Infinity":15,"b:532:33:532:Infinity:533:36:557:Infinity":16,"b:561:33:561:Infinity:562:36:610:Infinity":17,"b:578:48:592:49:592:48:599:Infinity":18,"f:579:52:579:67":23,"s:580:56:580:Infinity":44,"s:581:56:581:Infinity":45,"f:581:56:581:73":24,"s:581:73:581:100":46,"b:624:21:624:Infinity:625:24:1105:Infinity":19,"f:650:38:650:42":25,"s:651:40:660:Infinity":47,"f:653:44:653:59":26,"s:653:59:653:Infinity":48,"b:656:54:656:Infinity:657:54:657:Infinity":20,"b:668:33:668:Infinity:669:37:673:Infinity":21,"b:677:33:677:Infinity:678:36:680:Infinity":22,"b:683:34:683:Infinity:684:37:692:Infinity":23,"b:696:33:696:Infinity:697:36:705:Infinity":24,"b:709:33:709:Infinity:710:36:766:Infinity":25,"b:770:33:770:Infinity:771:36:786:Infinity":26,"b:790:33:790:Infinity:791:36:1102:Infinity":27,"f:817:50:817:54":27,"s:818:52:823:Infinity":49,"f:820:56:820:71":28,"s:820:71:820:Infinity":50,"b:821:147:821:185:821:185:821:Infinity":28,"b:839:66:839:86:839:86:839:Infinity":29,"b:842:99:842:122:842:122:842:Infinity":30,"b:842:145:842:169:842:169:842:Infinity":31,"b:846:49:846:Infinity:847:52:855:Infinity":32,"b:860:53:860:Infinity:861:56:888:Infinity":33,"b:891:53:891:Infinity:892:56:930:Infinity":34,"b:918:162:918:185:918:185:918:210":35,"b:933:53:933:Infinity:934:56:975:Infinity":36,"f:949:86:949:91":29,"s:950:76:956:Infinity":51,"f:964:78:964:83":30,"s:965:68:972:Infinity":52,"b:978:53:978:Infinity:979:56:1017:Infinity":37,"b:1020:53:1020:Infinity:1021:56:1076:Infinity":38,"f:1035:87:1035:91":31,"s:1036:76:1036:Infinity":53,"f:1041:83:1041:88":32,"s:1042:72:1050:Infinity":54,"f:1047:91:1047:95":33,"s:1048:80:1048:Infinity":55,"b:1048:161:1048:167:1048:167:1048:174":39,"f:1066:87:1066:92":34,"s:1067:72:1072:Infinity":56,"b:1080:53:1080:Infinity:1081:56:1087:Infinity":40},"fnNames":{}}}
,"C:\\Users\\HP\\.gemini\\antigravity-ide\\scratch\\teamtender-react\\src\\shared\\helpers\\requestLetterGenerator.js": {"path":"C:\\Users\\HP\\.gemini\\antigravity-ide\\scratch\\teamtender-react\\src\\shared\\helpers\\requestLetterGenerator.js","statementMap":{"0":{"start":{"line":33,"column":4},"end":{"line":33,"column":null}},"1":{"start":{"line":33,"column":43},"end":{"line":33,"column":null}},"2":{"start":{"line":35,"column":30},"end":{"line":37,"column":null}},"3":{"start":{"line":36,"column":41},"end":{"line":36,"column":118}},"4":{"start":{"line":39,"column":4},"end":{"line":62,"column":null}}},"fnMap":{"0":{"name":"generateRequestLetterText","decl":{"start":{"line":26,"column":16},"end":{"line":26,"column":42}},"loc":{"start":{"line":32,"column":3},"end":{"line":64,"column":null}},"line":32},"1":{"name":"(anonymous_1)","decl":{"start":{"line":36,"column":20},"end":{"line":36,"column":25}},"loc":{"start":{"line":36,"column":41},"end":{"line":36,"column":118}},"line":36}},"branchMap":{"0":{"loc":{"start":{"line":33,"column":4},"end":{"line":33,"column":null}},"type":"if","locations":[{"start":{"line":33,"column":4},"end":{"line":33,"column":null}},{"start":{},"end":{}}],"line":33},"1":{"loc":{"start":{"line":33,"column":8},"end":{"line":33,"column":43}},"type":"binary-expr","locations":[{"start":{"line":33,"column":8},"end":{"line":33,"column":27}},{"start":{"line":33,"column":27},"end":{"line":33,"column":43}}],"line":33},"2":{"loc":{"start":{"line":35,"column":30},"end":{"line":37,"column":null}},"type":"cond-expr","locations":[{"start":{"line":36,"column":10},"end":{"line":36,"column":null}},{"start":{"line":37,"column":10},"end":{"line":37,"column":null}}],"line":35},"3":{"loc":{"start":{"line":35,"column":30},"end":{"line":35,"column":null}},"type":"binary-expr","locations":[{"start":{"line":35,"column":30},"end":{"line":35,"column":58}},{"start":{"line":35,"column":58},"end":{"line":35,"column":null}}],"line":35},"4":{"loc":{"start":{"line":36,"column":58},"end":{"line":36,"column":74}},"type":"binary-expr","locations":[{"start":{"line":36,"column":58},"end":{"line":36,"column":71}},{"start":{"line":36,"column":71},"end":{"line":36,"column":74}}],"line":36},"5":{"loc":{"start":{"line":36,"column":78},"end":{"line":36,"column":97}},"type":"binary-expr","locations":[{"start":{"line":36,"column":78},"end":{"line":36,"column":95}},{"start":{"line":36,"column":95},"end":{"line":36,"column":97}}],"line":36},"6":{"loc":{"start":{"line":36,"column":100},"end":{"line":36,"column":116}},"type":"binary-expr","locations":[{"start":{"line":36,"column":100},"end":{"line":36,"column":113}},{"start":{"line":36,"column":113},"end":{"line":36,"column":116}}],"line":36},"7":{"loc":{"start":{"line":43,"column":21},"end":{"line":43,"column":51}},"type":"binary-expr","locations":[{"start":{"line":43,"column":21},"end":{"line":43,"column":48}},{"start":{"line":43,"column":48},"end":{"line":43,"column":51}}],"line":43},"8":{"loc":{"start":{"line":51,"column":34},"end":{"line":51,"column":60}},"type":"binary-expr","locations":[{"start":{"line":51,"column":34},"end":{"line":51,"column":57}},{"start":{"line":51,"column":57},"end":{"line":51,"column":60}}],"line":51},"9":{"loc":{"start":{"line":52,"column":34},"end":{"line":52,"column":57}},"type":"binary-expr","locations":[{"start":{"line":52,"column":34},"end":{"line":52,"column":54}},{"start":{"line":52,"column":54},"end":{"line":52,"column":57}}],"line":52},"10":{"loc":{"start":{"line":53,"column":34},"end":{"line":53,"column":58}},"type":"binary-expr","locations":[{"start":{"line":53,"column":34},"end":{"line":53,"column":55}},{"start":{"line":53,"column":55},"end":{"line":53,"column":58}}],"line":53},"11":{"loc":{"start":{"line":54,"column":34},"end":{"line":54,"column":61}},"type":"binary-expr","locations":[{"start":{"line":54,"column":34},"end":{"line":54,"column":58}},{"start":{"line":54,"column":58},"end":{"line":54,"column":61}}],"line":54},"12":{"loc":{"start":{"line":59,"column":11},"end":{"line":59,"column":30}},"type":"binary-expr","locations":[{"start":{"line":59,"column":11},"end":{"line":59,"column":27}},{"start":{"line":59,"column":27},"end":{"line":59,"column":30}}],"line":59},"13":{"loc":{"start":{"line":61,"column":11},"end":{"line":61,"column":33}},"type":"binary-expr","locations":[{"start":{"line":61,"column":11},"end":{"line":61,"column":30}},{"start":{"line":61,"column":30},"end":{"line":61,"column":33}}],"line":61},"14":{"loc":{"start":{"line":62,"column":11},"end":{"line":62,"column":null}},"type":"binary-expr","locations":[{"start":{"line":62,"column":11},"end":{"line":62,"column":31}},{"start":{"line":62,"column":31},"end":{"line":62,"column":null}}],"line":62}},"s":{"0":11,"1":2,"2":9,"3":18,"4":11},"f":{"0":11,"1":18},"b":{"0":[2,9],"1":[11,10],"2":[8,1],"3":[9,9],"4":[18,1],"5":[18,1],"6":[18,1],"7":[11,3],"8":[11,1],"9":[11,1],"10":[11,1],"11":[11,1],"12":[11,3],"13":[11,2],"14":[11,2]},"meta":{"lastBranch":15,"lastFunction":2,"lastStatement":5,"seen":{"f:26:16:26:42":0,"b:33:4:33:Infinity:undefined:undefined:undefined:undefined":0,"s:33:4:33:Infinity":0,"b:33:8:33:27:33:27:33:43":1,"s:33:43:33:Infinity":1,"s:35:30:37:Infinity":2,"b:36:10:36:Infinity:37:10:37:Infinity":2,"b:35:30:35:58:35:58:35:Infinity":3,"f:36:20:36:25":1,"s:36:41:36:118":3,"b:36:58:36:71:36:71:36:74":4,"b:36:78:36:95:36:95:36:97":5,"b:36:100:36:113:36:113:36:116":6,"s:39:4:62:Infinity":4,"b:43:21:43:48:43:48:43:51":7,"b:51:34:51:57:51:57:51:60":8,"b:52:34:52:54:52:54:52:57":9,"b:53:34:53:55:53:55:53:58":10,"b:54:34:54:58:54:58:54:61":11,"b:59:11:59:27:59:27:59:30":12,"b:61:11:61:30:61:30:61:33":13,"b:62:11:62:31:62:31:62:Infinity":14},"fnNames":{}}}
}
