{"C:\\Users\\HP\\.gemini\\antigravity-ide\\scratch\\teamtender-react\\src\\engines\\validation\\documentValidationEngine.js": {"path":"C:\\Users\\HP\\.gemini\\antigravity-ide\\scratch\\teamtender-react\\src\\engines\\validation\\documentValidationEngine.js","statementMap":{"0":{"start":{"line":15,"column":4},"end":{"line":17,"column":null}},"1":{"start":{"line":16,"column":8},"end":{"line":16,"column":null}},"2":{"start":{"line":18,"column":4},"end":{"line":24,"column":null}},"3":{"start":{"line":35,"column":4},"end":{"line":37,"column":null}},"4":{"start":{"line":36,"column":8},"end":{"line":36,"column":null}},"5":{"start":{"line":38,"column":4},"end":{"line":44,"column":null}},"6":{"start":{"line":56,"column":17},"end":{"line":56,"column":null}},"7":{"start":{"line":57,"column":25},"end":{"line":57,"column":null}},"8":{"start":{"line":58,"column":16},"end":{"line":60,"column":null}},"9":{"start":{"line":62,"column":4},"end":{"line":66,"column":null}},"10":{"start":{"line":77,"column":33},"end":{"line":77,"column":null}},"11":{"start":{"line":78,"column":16},"end":{"line":78,"column":null}},"12":{"start":{"line":79,"column":4},"end":{"line":79,"column":null}}},"fnMap":{"0":{"name":"markDocumentValidating","decl":{"start":{"line":14,"column":16},"end":{"line":14,"column":39}},"loc":{"start":{"line":14,"column":66},"end":{"line":25,"column":null}},"line":14},"1":{"name":"markDocumentValid","decl":{"start":{"line":34,"column":16},"end":{"line":34,"column":34}},"loc":{"start":{"line":34,"column":61},"end":{"line":45,"column":null}},"line":34},"2":{"name":"createValidationLog","decl":{"start":{"line":55,"column":16},"end":{"line":55,"column":36}},"loc":{"start":{"line":55,"column":73},"end":{"line":67,"column":null}},"line":55},"3":{"name":"validateDocument","decl":{"start":{"line":76,"column":16},"end":{"line":76,"column":33}},"loc":{"start":{"line":76,"column":60},"end":{"line":80,"column":null}},"line":76}},"branchMap":{"0":{"loc":{"start":{"line":15,"column":4},"end":{"line":17,"column":null}},"type":"if","locations":[{"start":{"line":15,"column":4},"end":{"line":17,"column":null}},{"start":{},"end":{}}],"line":15},"1":{"loc":{"start":{"line":15,"column":8},"end":{"line":15,"column":69}},"type":"binary-expr","locations":[{"start":{"line":15,"column":8},"end":{"line":15,"column":33}},{"start":{"line":15,"column":33},"end":{"line":15,"column":41}},{"start":{"line":15,"column":41},"end":{"line":15,"column":69}}],"line":15},"2":{"loc":{"start":{"line":35,"column":4},"end":{"line":37,"column":null}},"type":"if","locations":[{"start":{"line":35,"column":4},"end":{"line":37,"column":null}},{"start":{},"end":{}}],"line":35},"3":{"loc":{"start":{"line":35,"column":8},"end":{"line":35,"column":69}},"type":"binary-expr","locations":[{"start":{"line":35,"column":8},"end":{"line":35,"column":33}},{"start":{"line":35,"column":33},"end":{"line":35,"column":41}},{"start":{"line":35,"column":41},"end":{"line":35,"column":69}}],"line":35},"4":{"loc":{"start":{"line":55,"column":41},"end":{"line":55,"column":57}},"type":"default-arg","locations":[{"start":{"line":55,"column":50},"end":{"line":55,"column":57}}],"line":55},"5":{"loc":{"start":{"line":55,"column":57},"end":{"line":55,"column":73}},"type":"default-arg","locations":[{"start":{"line":55,"column":67},"end":{"line":55,"column":73}}],"line":55},"6":{"loc":{"start":{"line":56,"column":17},"end":{"line":56,"column":null}},"type":"binary-expr","locations":[{"start":{"line":56,"column":17},"end":{"line":56,"column":28}},{"start":{"line":56,"column":28},"end":{"line":56,"column":null}}],"line":56},"7":{"loc":{"start":{"line":57,"column":25},"end":{"line":57,"column":null}},"type":"cond-expr","locations":[{"start":{"line":57,"column":31},"end":{"line":57,"column":51}},{"start":{"line":57,"column":51},"end":{"line":57,"column":null}}],"line":57},"8":{"loc":{"start":{"line":58,"column":16},"end":{"line":60,"column":null}},"type":"cond-expr","locations":[{"start":{"line":59,"column":10},"end":{"line":59,"column":null}},{"start":{"line":60,"column":10},"end":{"line":60,"column":null}}],"line":58}},"s":{"0":5,"1":4,"2":1,"3":5,"4":1,"5":4,"6":4,"7":4,"8":4,"9":4,"10":1,"11":1,"12":1},"f":{"0":5,"1":5,"2":4,"3":1},"b":{"0":[4,1],"1":[5,3,2],"2":[1,4],"3":[5,5,5],"4":[4],"5":[4],"6":[4,2],"7":[3,1],"8":[1,3]},"meta":{"lastBranch":9,"lastFunction":4,"lastStatement":13,"seen":{"f:14:16:14:39":0,"b:15:4:17:Infinity:undefined:undefined:undefined:undefined":0,"s:15:4:17:Infinity":0,"b:15:8:15:33:15:33:15:41:15:41:15:69":1,"s:16:8:16:Infinity":1,"s:18:4:24:Infinity":2,"f:34:16:34:34":1,"b:35:4:37:Infinity:undefined:undefined:undefined:undefined":2,"s:35:4:37:Infinity":3,"b:35:8:35:33:35:33:35:41:35:41:35:69":3,"s:36:8:36:Infinity":4,"s:38:4:44:Infinity":5,"f:55:16:55:36":2,"b:55:50:55:57":4,"b:55:67:55:73":5,"s:56:17:56:Infinity":6,"b:56:17:56:28:56:28:56:Infinity":6,"s:57:25:57:Infinity":7,"b:57:31:57:51:57:51:57:Infinity":7,"s:58:16:60:Infinity":8,"b:59:10:59:Infinity:60:10:60:Infinity":8,"s:62:4:66:Infinity":9,"f:76:16:76:33":3,"s:77:33:77:Infinity":10,"s:78:16:78:Infinity":11,"s:79:4:79:Infinity":12},"fnNames":{}}}
,"C:\\Users\\HP\\.gemini\\antigravity-ide\\scratch\\teamtender-react\\src\\shared\\helpers\\requestLetterGenerator.js": {"path":"C:\\Users\\HP\\.gemini\\antigravity-ide\\scratch\\teamtender-react\\src\\shared\\helpers\\requestLetterGenerator.js","statementMap":{"0":{"start":{"line":33,"column":4},"end":{"line":33,"column":null}},"1":{"start":{"line":33,"column":43},"end":{"line":33,"column":null}},"2":{"start":{"line":35,"column":30},"end":{"line":37,"column":null}},"3":{"start":{"line":36,"column":41},"end":{"line":36,"column":118}},"4":{"start":{"line":39,"column":4},"end":{"line":62,"column":null}}},"fnMap":{"0":{"name":"generateRequestLetterText","decl":{"start":{"line":26,"column":16},"end":{"line":26,"column":42}},"loc":{"start":{"line":32,"column":3},"end":{"line":64,"column":null}},"line":32},"1":{"name":"(anonymous_1)","decl":{"start":{"line":36,"column":20},"end":{"line":36,"column":25}},"loc":{"start":{"line":36,"column":41},"end":{"line":36,"column":118}},"line":36}},"branchMap":{"0":{"loc":{"start":{"line":33,"column":4},"end":{"line":33,"column":null}},"type":"if","locations":[{"start":{"line":33,"column":4},"end":{"line":33,"column":null}},{"start":{},"end":{}}],"line":33},"1":{"loc":{"start":{"line":33,"column":8},"end":{"line":33,"column":43}},"type":"binary-expr","locations":[{"start":{"line":33,"column":8},"end":{"line":33,"column":27}},{"start":{"line":33,"column":27},"end":{"line":33,"column":43}}],"line":33},"2":{"loc":{"start":{"line":35,"column":30},"end":{"line":37,"column":null}},"type":"cond-expr","locations":[{"start":{"line":36,"column":10},"end":{"line":36,"column":null}},{"start":{"line":37,"column":10},"end":{"line":37,"column":null}}],"line":35},"3":{"loc":{"start":{"line":35,"column":30},"end":{"line":35,"column":null}},"type":"binary-expr","locations":[{"start":{"line":35,"column":30},"end":{"line":35,"column":58}},{"start":{"line":35,"column":58},"end":{"line":35,"column":null}}],"line":35},"4":{"loc":{"start":{"line":36,"column":58},"end":{"line":36,"column":74}},"type":"binary-expr","locations":[{"start":{"line":36,"column":58},"end":{"line":36,"column":71}},{"start":{"line":36,"column":71},"end":{"line":36,"column":74}}],"line":36},"5":{"loc":{"start":{"line":36,"column":78},"end":{"line":36,"column":97}},"type":"binary-expr","locations":[{"start":{"line":36,"column":78},"end":{"line":36,"column":95}},{"start":{"line":36,"column":95},"end":{"line":36,"column":97}}],"line":36},"6":{"loc":{"start":{"line":36,"column":100},"end":{"line":36,"column":116}},"type":"binary-expr","locations":[{"start":{"line":36,"column":100},"end":{"line":36,"column":113}},{"start":{"line":36,"column":113},"end":{"line":36,"column":116}}],"line":36},"7":{"loc":{"start":{"line":43,"column":21},"end":{"line":43,"column":51}},"type":"binary-expr","locations":[{"start":{"line":43,"column":21},"end":{"line":43,"column":48}},{"start":{"line":43,"column":48},"end":{"line":43,"column":51}}],"line":43},"8":{"loc":{"start":{"line":51,"column":34},"end":{"line":51,"column":60}},"type":"binary-expr","locations":[{"start":{"line":51,"column":34},"end":{"line":51,"column":57}},{"start":{"line":51,"column":57},"end":{"line":51,"column":60}}],"line":51},"9":{"loc":{"start":{"line":52,"column":34},"end":{"line":52,"column":57}},"type":"binary-expr","locations":[{"start":{"line":52,"column":34},"end":{"line":52,"column":54}},{"start":{"line":52,"column":54},"end":{"line":52,"column":57}}],"line":52},"10":{"loc":{"start":{"line":53,"column":34},"end":{"line":53,"column":58}},"type":"binary-expr","locations":[{"start":{"line":53,"column":34},"end":{"line":53,"column":55}},{"start":{"line":53,"column":55},"end":{"line":53,"column":58}}],"line":53},"11":{"loc":{"start":{"line":54,"column":34},"end":{"line":54,"column":61}},"type":"binary-expr","locations":[{"start":{"line":54,"column":34},"end":{"line":54,"column":58}},{"start":{"line":54,"column":58},"end":{"line":54,"column":61}}],"line":54},"12":{"loc":{"start":{"line":59,"column":11},"end":{"line":59,"column":30}},"type":"binary-expr","locations":[{"start":{"line":59,"column":11},"end":{"line":59,"column":27}},{"start":{"line":59,"column":27},"end":{"line":59,"column":30}}],"line":59},"13":{"loc":{"start":{"line":61,"column":11},"end":{"line":61,"column":33}},"type":"binary-expr","locations":[{"start":{"line":61,"column":11},"end":{"line":61,"column":30}},{"start":{"line":61,"column":30},"end":{"line":61,"column":33}}],"line":61},"14":{"loc":{"start":{"line":62,"column":11},"end":{"line":62,"column":null}},"type":"binary-expr","locations":[{"start":{"line":62,"column":11},"end":{"line":62,"column":31}},{"start":{"line":62,"column":31},"end":{"line":62,"column":null}}],"line":62}},"s":{"0":8,"1":2,"2":6,"3":9,"4":8},"f":{"0":8,"1":9},"b":{"0":[2,6],"1":[8,7],"2":[5,1],"3":[6,6],"4":[9,1],"5":[9,1],"6":[9,1],"7":[8,3],"8":[8,1],"9":[8,1],"10":[8,1],"11":[8,1],"12":[8,3],"13":[8,2],"14":[8,2]},"meta":{"lastBranch":15,"lastFunction":2,"lastStatement":5,"seen":{"f:26:16:26:42":0,"b:33:4:33:Infinity:undefined:undefined:undefined:undefined":0,"s:33:4:33:Infinity":0,"b:33:8:33:27:33:27:33:43":1,"s:33:43:33:Infinity":1,"s:35:30:37:Infinity":2,"b:36:10:36:Infinity:37:10:37:Infinity":2,"b:35:30:35:58:35:58:35:Infinity":3,"f:36:20:36:25":1,"s:36:41:36:118":3,"b:36:58:36:71:36:71:36:74":4,"b:36:78:36:95:36:95:36:97":5,"b:36:100:36:113:36:113:36:116":6,"s:39:4:62:Infinity":4,"b:43:21:43:48:43:48:43:51":7,"b:51:34:51:57:51:57:51:60":8,"b:52:34:52:54:52:54:52:57":9,"b:53:34:53:55:53:55:53:58":10,"b:54:34:54:58:54:58:54:61":11,"b:59:11:59:27:59:27:59:30":12,"b:61:11:61:30:61:30:61:33":13,"b:62:11:62:31:62:31:62:Infinity":14},"fnNames":{}}}
}
